#
# There is insufficient memory for the Java Runtime Environment to continue.
# Native memory allocation (mmap) failed to map 130023424 bytes for G1 virtual space
# Possible reasons:
#   The system is out of physical RAM or swap space
#   The process is running with CompressedOops enabled, and the Java Heap may be blocking the growth of the native heap
# Possible solutions:
#   Reduce memory load on the system
#   Increase physical memory or swap space
#   Check if swap backing store is full
#   Decrease Java heap size (-Xmx/-Xms)
#   Decrease number of Java threads
#   Decrease Java thread stack sizes (-Xss)
#   Set larger code cache with -XX:ReservedCodeCacheSize=
#   JVM is running with Unscaled Compressed Oops mode in which the Java heap is
#     placed in the first 4GB address space. The Java Heap base address is the
#     maximum limit for the native heap growth. Please use -XX:HeapBaseMinAddress
#     to set the Java Heap base and to place the Java Heap above 4GB virtual address.
# This output file may be truncated or incomplete.
#
#  Out of Memory Error (os_windows.cpp:3548), pid=5756, tid=14756
#
# JRE version:  (17.0.5+8) (build )
# Java VM: OpenJDK 64-Bit Server VM (17.0.5+8-LTS, mixed mode, sharing, tiered, compressed oops, compressed class ptrs, g1 gc, windows-amd64)
# No core dump will be written. Minidumps are not enabled by default on client versions of Windows
#

---------------  S U M M A R Y ------------

Command Line: 

Host: 12th Gen Intel(R) Core(TM) i5-1235U, 12 cores, 7G,  Windows 11 , 64 bit Build 22621 (10.0.22621.3085)
Time: Tue Apr 30 22:28:44 2024 SE Asia Standard Time elapsed time: 0.086463 seconds (0d 0h 0m 0s)

---------------  T H R E A D  ---------------

Current thread (0x00000185ee18d4b0):  JavaThread "Unknown thread" [_thread_in_vm, id=14756, stack(0x000000832a300000,0x000000832a400000)]

Stack: [0x000000832a300000,0x000000832a400000]
Native frames: (J=compiled Java code, j=interpreted, Vv=VM code, C=native code)
V  [jvm.dll+0x677b2a]
V  [jvm.dll+0x832c64]
V  [jvm.dll+0x83440e]
V  [jvm.dll+0x834a73]
V  [jvm.dll+0x245035]
V  [jvm.dll+0x674a69]
V  [jvm.dll+0x66913a]
V  [jvm.dll+0x303f7b]
V  [jvm.dll+0x30b436]
V  [jvm.dll+0x35b13e]
V  [jvm.dll+0x35b36f]
V  [jvm.dll+0x2dae88]
V  [jvm.dll+0x2dbdf4]
V  [jvm.dll+0x804591]
V  [jvm.dll+0x368f31]
V  [jvm.dll+0x7e39cc]
V  [jvm.dll+0x3eb8af]
V  [jvm.dll+0x3ed3f1]
C  [jli.dll+0x526b]
C  [ucrtbase.dll+0x29363]
C  [KERNEL32.DLL+0x1257d]
C  [ntdll.dll+0x5aa58]


---------------  P R O C E S S  ---------------

Threads class SMR info:
_java_thread_list=0x00007ffced449f18, length=0, elements={
}

Java Threads: ( => current thread )

Other Threads:
  0x00000185ee1e7320 GCTaskThread "GC Thread#0" [stack: 0x000000832a400000,0x000000832a500000] [id=15040]
  0x00000185ee1f7ec0 ConcurrentGCThread "G1 Main Marker" [stack: 0x000000832a500000,0x000000832a600000] [id=7864]
  0x00000185ee1f88d0 ConcurrentGCThread "G1 Conc#0" [stack: 0x000000832a600000,0x000000832a700000] [id=9992]

[error occurred during error reporting (printing all threads), id 0xc0000005, EXCEPTION_ACCESS_VIOLATION (0xc0000005) at pc=0x00007ffcecc0b8c7]

VM state: not at safepoint (not fully initialized)

VM Mutex/Monitor currently owned by a thread:  ([mutex/lock_event])
[0x00000185ee187d50] Heap_lock - owner thread: 0x00000185ee18d4b0

Heap address: 0x0000000085a00000, size: 1958 MB, Compressed Oops mode: 32-bit

CDS archive(s) mapped at: [0x0000000000000000-0x0000000000000000-0x0000000000000000), size 0, SharedBaseAddress: 0x0000000800000000, ArchiveRelocationMode: 0.
Narrow klass base: 0x0000000000000000, Narrow klass shift: 0, Narrow klass range: 0x0

GC Precious Log:
<Empty>

Heap:
 garbage-first heap   total 0K, used 0K [0x0000000085a00000, 0x0000000100000000)
  region size 1024K, 0 young (0K), 0 survivors (0K)

[error occurred during error reporting (printing heap information), id 0xc0000005, EXCEPTION_ACCESS_VIOLATION (0xc0000005) at pc=0x00007ffcecff0e09]

GC Heap History (0 events):
No events

Dll operation events (1 events):
Event: 0.068 Loaded shared library D:\FILE\RedHat\java-17-openjdk-17.0.5.0.8-2\bin\java.dll

Deoptimization events (0 events):
No events

Classes unloaded (0 events):
No events

Classes redefined (0 events):
No events

Internal exceptions (0 events):
No events

VM Operations (0 events):
No events

Events (0 events):
No events


Dynamic libraries:
0x00007ff7ff200000 - 0x00007ff7ff263000 	D:\FILE\RedHat\java-17-openjdk-17.0.5.0.8-2\bin\java.exe
0x00007ffd53d90000 - 0x00007ffd53fa7000 	C:\WINDOWS\SYSTEM32\ntdll.dll
0x00007ffd526a0000 - 0x00007ffd52764000 	C:\WINDOWS\System32\KERNEL32.DLL
0x00007ffd51270000 - 0x00007ffd51616000 	C:\WINDOWS\System32\KERNELBASE.dll
0x00007ffd51850000 - 0x00007ffd51961000 	C:\WINDOWS\System32\ucrtbase.dll
0x00007ffd47ee0000 - 0x00007ffd47ef7000 	D:\FILE\RedHat\java-17-openjdk-17.0.5.0.8-2\bin\jli.dll
0x00007ffd53530000 - 0x00007ffd536de000 	C:\WINDOWS\System32\USER32.dll
0x00007ffd51a40000 - 0x00007ffd51a66000 	C:\WINDOWS\System32\win32u.dll
0x00007ffd53230000 - 0x00007ffd53259000 	C:\WINDOWS\System32\GDI32.dll
0x00007ffd510d0000 - 0x00007ffd511e8000 	C:\WINDOWS\System32\gdi32full.dll
0x00007ffd519a0000 - 0x00007ffd51a3a000 	C:\WINDOWS\System32\msvcp_win.dll
0x00007ffd37660000 - 0x00007ffd378f3000 	C:\WINDOWS\WinSxS\amd64_microsoft.windows.common-controls_6595b64144ccf1df_6.0.22621.2506_none_270c5ae97388e100\COMCTL32.dll
0x00007ffd52770000 - 0x00007ffd52817000 	C:\WINDOWS\System32\msvcrt.dll
0x00007ffd47ea0000 - 0x00007ffd47ebb000 	D:\FILE\RedHat\java-17-openjdk-17.0.5.0.8-2\bin\VCRUNTIME140.dll
0x00007ffd52cd0000 - 0x00007ffd52d01000 	C:\WINDOWS\System32\IMM32.DLL
0x00007ffd494c0000 - 0x00007ffd494cc000 	D:\FILE\RedHat\java-17-openjdk-17.0.5.0.8-2\bin\vcruntime140_1.dll
0x00007ffd25f40000 - 0x00007ffd25fcd000 	D:\FILE\RedHat\java-17-openjdk-17.0.5.0.8-2\bin\msvcp140.dll
0x00007ffcec920000 - 0x00007ffced57b000 	D:\FILE\RedHat\java-17-openjdk-17.0.5.0.8-2\bin\server\jvm.dll
0x00007ffd53470000 - 0x00007ffd53523000 	C:\WINDOWS\System32\ADVAPI32.dll
0x00007ffd532e0000 - 0x00007ffd53388000 	C:\WINDOWS\System32\sechost.dll
0x00007ffd51970000 - 0x00007ffd51998000 	C:\WINDOWS\System32\bcrypt.dll
0x00007ffd52f70000 - 0x00007ffd53087000 	C:\WINDOWS\System32\RPCRT4.dll
0x00007ffd35320000 - 0x00007ffd35329000 	C:\WINDOWS\SYSTEM32\WSOCK32.dll
0x00007ffd47e60000 - 0x00007ffd47e94000 	C:\WINDOWS\SYSTEM32\WINMM.dll
0x00007ffd53260000 - 0x00007ffd532d1000 	C:\WINDOWS\System32\WS2_32.dll
0x00007ffd44f30000 - 0x00007ffd44f3a000 	C:\WINDOWS\SYSTEM32\VERSION.dll
0x00007ffd500e0000 - 0x00007ffd500f8000 	C:\WINDOWS\SYSTEM32\kernel.appcore.dll
0x00007ffd352a0000 - 0x00007ffd352aa000 	D:\FILE\RedHat\java-17-openjdk-17.0.5.0.8-2\bin\jimage.dll
0x00007ffd4e9e0000 - 0x00007ffd4ec13000 	C:\WINDOWS\SYSTEM32\DBGHELP.DLL
0x00007ffd52820000 - 0x00007ffd52ba9000 	C:\WINDOWS\System32\combase.dll
0x00007ffd53390000 - 0x00007ffd53467000 	C:\WINDOWS\System32\OLEAUT32.dll
0x00007ffd20da0000 - 0x00007ffd20dd2000 	C:\WINDOWS\SYSTEM32\dbgcore.DLL
0x00007ffd511f0000 - 0x00007ffd5126a000 	C:\WINDOWS\System32\bcryptPrimitives.dll
0x00007ffd35160000 - 0x00007ffd35185000 	D:\FILE\RedHat\java-17-openjdk-17.0.5.0.8-2\bin\java.dll

dbghelp: loaded successfully - version: 4.0.5 - missing functions: none
symbol engine: initialized successfully - sym options: 0x614 - pdb path: .;D:\FILE\RedHat\java-17-openjdk-17.0.5.0.8-2\bin;C:\WINDOWS\SYSTEM32;C:\WINDOWS\WinSxS\amd64_microsoft.windows.common-controls_6595b64144ccf1df_6.0.22621.2506_none_270c5ae97388e100;D:\FILE\RedHat\java-17-openjdk-17.0.5.0.8-2\bin\server

VM Arguments:
java_command: <unknown>
java_class_path (initial): <not set>
Launcher Type: SUN_STANDARD

[Global flags]
     intx CICompilerCount                          = 4                                         {product} {ergonomic}
     uint ConcGCThreads                            = 3                                         {product} {ergonomic}
     uint G1ConcRefinementThreads                  = 10                                        {product} {ergonomic}
   size_t G1HeapRegionSize                         = 1048576                                   {product} {ergonomic}
    uintx GCDrainStackTargetSize                   = 64                                        {product} {ergonomic}
   size_t InitialHeapSize                          = 130023424                                 {product} {ergonomic}
   size_t MarkStackSize                            = 4194304                                   {product} {ergonomic}
   size_t MaxHeapSize                              = 2053111808                                {product} {ergonomic}
   size_t MinHeapDeltaBytes                        = 1048576                                   {product} {ergonomic}
   size_t MinHeapSize                              = 8388608                                   {product} {ergonomic}
    uintx NonNMethodCodeHeapSize                   = 5839372                                {pd product} {ergonomic}
    uintx NonProfiledCodeHeapSize                  = 122909434                              {pd product} {ergonomic}
    uintx ProfiledCodeHeapSize                     = 122909434                              {pd product} {ergonomic}
    uintx ReservedCodeCacheSize                    = 251658240                              {pd product} {ergonomic}
     bool SegmentedCodeCache                       = true                                      {product} {ergonomic}
   size_t SoftMaxHeapSize                          = 2053111808                             {manageable} {ergonomic}
     bool UseCompressedClassPointers               = true                           {product lp64_product} {ergonomic}
     bool UseCompressedOops                        = true                           {product lp64_product} {ergonomic}
     bool UseG1GC                                  = true                                      {product} {ergonomic}
     bool UseLargePagesIndividualAllocation        = false                                  {pd product} {ergonomic}

Logging:
Log output configuration:
 #0: stdout all=warning uptime,level,tags
 #1: stderr all=off uptime,level,tags

Environment Variables:
PATH=C:\Program Files\Microsoft MPI\Bin\;C:\WINDOWS\system32;C:\WINDOWS;C:\WINDOWS\System32\Wbem;C:\WINDOWS\System32\WindowsPowerShell\v1.0\;C:\WINDOWS\System32\OpenSSH\;D:\FILE\MinGW\bin;D:\FILE\RedHat\java-17-openjdk-17.0.5.0.8-2\bin;C:\Program Files (x86)\Microsoft SQL Server\160\Tools\Binn\;C:\Program Files\Microsoft SQL Server\160\Tools\Binn\;C:\Program Files\Microsoft SQL Server\Client SDK\ODBC\170\Tools\Binn\;C:\Program Files\Microsoft SQL Server\160\DTS\Binn\;C:\Program Files (x86)\Microsoft SQL Server\160\DTS\Binn\;C:\Program Files\Azure Data Studio\bin;D:\FILE\NodeJs;D:\FILE\Git\Git\cmd;C:\Users\nguye\AppData\Local\Programs\Python\Python311\Scripts\;C:\Users\nguye\AppData\Local\Programs\Python\Python311\;C:\Users\nguye\AppData\Local\Microsoft\WindowsApps;D:\FILE\MinGW\bin;D:\FILE\RedHat\java-17-openjdk-17.0.5.0.8-2\bin;C:\Program Files\Azure Data Studio\bin;C:\Program Files\Azure Data Studio\bin;C:\Program Files\Azure Data Studio\bin;D:\FILE\NodeJs;C:\Users\nguye\AppData\Roaming\npm;D:\FILE\Git\Git\cmd;C:\Users\nguye\AppData\Local\Programs\Microsoft VS Code\bin
USERNAME=nguye
LANG=en_US.UTF-8
OS=Windows_NT
PROCESSOR_IDENTIFIER=Intel64 Family 6 Model 154 Stepping 4, GenuineIntel
TMP=C:\Users\nguye\AppData\Local\Temp
TEMP=C:\Users\nguye\AppData\Local\Temp



---------------  S Y S T E M  ---------------

OS:
 Windows 11 , 64 bit Build 22621 (10.0.22621.3085)
OS uptime: 0 days 0:10 hours
Hyper-V role detected

CPU: total 12 (initial active 12) (6 cores per cpu, 2 threads per core) family 6 model 154 stepping 4 microcode 0x432, cx8, cmov, fxsr, ht, mmx, 3dnowpref, sse, sse2, sse3, ssse3, sse4.1, sse4.2, popcnt, lzcnt, tsc, tscinvbit, avx, avx2, aes, erms, clmul, bmi1, bmi2, adx, sha, fma, vzeroupper, clflush, clflushopt, clwb, hv

Memory: 4k page, system-wide physical 7824M (1596M free)
TotalPageFile size 7824M (AvailPageFile size 125M)
current process WorkingSet (physical memory assigned to process): 11M, peak: 11M
current process commit charge ("private bytes"): 64M, peak: 188M

vm_info: OpenJDK 64-Bit Server VM (17.0.5+8-LTS) for windows-amd64 JRE (17.0.5+8-LTS), built on Oct 14 2022 19:54:36 by "" with MS VC++ 16.10 / 16.11 (VS2019)

END.
