#
# There is insufficient memory for the Java Runtime Environment to continue.
# Native memory allocation (mmap) failed to map 130023424 bytes for G1 virtual space
# Possible reasons:
#   The system is out of physical RAM or swap space
#   The process is running with CompressedOops enabled, and the Java Heap may be blocking the growth of the native heap
# Possible solutions:
#   Reduce memory load on the system
#   Increase physical memory or swap space
#   Check if swap backing store is full
#   Decrease Java heap size (-Xmx/-Xms)
#   Decrease number of Java threads
#   Decrease Java thread stack sizes (-Xss)
#   Set larger code cache with -XX:ReservedCodeCacheSize=
#   JVM is running with Unscaled Compressed Oops mode in which the Java heap is
#     placed in the first 4GB address space. The Java Heap base address is the
#     maximum limit for the native heap growth. Please use -XX:HeapBaseMinAddress
#     to set the Java Heap base and to place the Java Heap above 4GB virtual address.
# This output file may be truncated or incomplete.
#
#  Out of Memory Error (os_windows.cpp:3548), pid=14184, tid=17024
#
# JRE version:  (17.0.5+8) (build )
# Java VM: OpenJDK 64-Bit Server VM (17.0.5+8-LTS, mixed mode, sharing, tiered, compressed oops, compressed class ptrs, g1 gc, windows-amd64)
# No core dump will be written. Minidumps are not enabled by default on client versions of Windows
#

---------------  S U M M A R Y ------------

Command Line: -Dclassworlds.conf=D:\FILE\Maven_apache\apache-maven-3.9.6-bin\apache-maven-3.9.6\bin\m2.conf -Dmaven.home=D:\FILE\Maven_apache\apache-maven-3.9.6-bin\apache-maven-3.9.6 -Dlibrary.jansi.path=D:\FILE\Maven_apache\apache-maven-3.9.6-bin\apache-maven-3.9.6\lib\jansi-native -Dmaven.multiModuleProjectDirectory=D:\HK2-2\Java\DoAnJava\project\QuanLyBanDienThoai org.codehaus.plexus.classworlds.launcher.Launcher exec:java

Host: 12th Gen Intel(R) Core(TM) i5-1235U, 12 cores, 7G,  Windows 11 , 64 bit Build 22621 (10.0.22621.3085)
Time: Tue Apr 30 22:43:02 2024 SE Asia Standard Time elapsed time: 0.065518 seconds (0d 0h 0m 0s)

---------------  T H R E A D  ---------------

Current thread (0x0000017eff490320):  JavaThread "Unknown thread" [_thread_in_vm, id=17024, stack(0x0000006118600000,0x0000006118700000)]

Stack: [0x0000006118600000,0x0000006118700000]
Native frames: (J=compiled Java code, j=interpreted, Vv=VM code, C=native code)
V  [jvm.dll+0x677b2a]
V  [jvm.dll+0x832c64]
V  [jvm.dll+0x83440e]
V  [jvm.dll+0x834a73]
V  [jvm.dll+0x245035]
V  [jvm.dll+0x674a69]
V  [jvm.dll+0x66913a]
V  [jvm.dll+0x303f7b]
V  [jvm.dll+0x30b436]
V  [jvm.dll+0x35b13e]
V  [jvm.dll+0x35b36f]
V  [jvm.dll+0x2dae88]
V  [jvm.dll+0x2dbdf4]
V  [jvm.dll+0x804591]
V  [jvm.dll+0x368f31]
V  [jvm.dll+0x7e39cc]
V  [jvm.dll+0x3eb8af]
V  [jvm.dll+0x3ed3f1]
C  [jli.dll+0x526b]
C  [ucrtbase.dll+0x29363]
C  [KERNEL32.DLL+0x1257d]
C  [ntdll.dll+0x5aa58]


---------------  P R O C E S S  ---------------

Threads class SMR info:
_java_thread_list=0x00007fff0b3f9f18, length=0, elements={
}

Java Threads: ( => current thread )

Other Threads:
  0x0000017eff4e8750 GCTaskThread "GC Thread#0" [stack: 0x0000006118700000,0x0000006118800000] [id=17804]
  0x0000017eff4f8b50 ConcurrentGCThread "G1 Main Marker" [stack: 0x0000006118800000,0x0000006118900000] [id=17704]
  0x0000017eff4fa570 ConcurrentGCThread "G1 Conc#0" [stack: 0x0000006118900000,0x0000006118a00000] [id=17808]

[error occurred during error reporting (printing all threads), id 0xc0000005, EXCEPTION_ACCESS_VIOLATION (0xc0000005) at pc=0x00007fff0abbb8c7]

VM state: not at safepoint (not fully initialized)

VM Mutex/Monitor currently owned by a thread:  ([mutex/lock_event])
[0x0000017eff48ca20] Heap_lock - owner thread: 0x0000017eff490320

Heap address: 0x0000000085a00000, size: 1958 MB, Compressed Oops mode: 32-bit

CDS archive(s) mapped at: [0x0000000000000000-0x0000000000000000-0x0000000000000000), size 0, SharedBaseAddress: 0x0000000800000000, ArchiveRelocationMode: 0.
Narrow klass base: 0x0000000000000000, Narrow klass shift: 0, Narrow klass range: 0x0

GC Precious Log:
<Empty>

Heap:
 garbage-first heap   total 0K, used 0K [0x0000000085a00000, 0x0000000100000000)
  region size 1024K, 0 young (0K), 0 survivors (0K)

[error occurred during error reporting (printing heap information), id 0xc0000005, EXCEPTION_ACCESS_VIOLATION (0xc0000005) at pc=0x00007fff0afa0e09]

GC Heap History (0 events):
No events

Dll operation events (1 events):
Event: 0.059 Loaded shared library D:\FILE\RedHat\java-17-openjdk-17.0.5.0.8-2\bin\java.dll

Deoptimization events (0 events):
No events

Classes unloaded (0 events):
No events

Classes redefined (0 events):
No events

Internal exceptions (0 events):
No events

VM Operations (0 events):
No events

Events (0 events):
No events


Dynamic libraries:
0x00007ff6a04f0000 - 0x00007ff6a0553000 	D:\FILE\RedHat\java-17-openjdk-17.0.5.0.8-2\bin\java.exe
0x00007fffa68b0000 - 0x00007fffa6ac7000 	C:\WINDOWS\SYSTEM32\ntdll.dll
0x00007fffa4fa0000 - 0x00007fffa5064000 	C:\WINDOWS\System32\KERNEL32.DLL
0x00007fffa4190000 - 0x00007fffa4536000 	C:\WINDOWS\System32\KERNELBASE.dll
0x00007fffa4070000 - 0x00007fffa4181000 	C:\WINDOWS\System32\ucrtbase.dll
0x00007fff77660000 - 0x00007fff7767b000 	D:\FILE\RedHat\java-17-openjdk-17.0.5.0.8-2\bin\VCRUNTIME140.dll
0x00007fff77640000 - 0x00007fff77657000 	D:\FILE\RedHat\java-17-openjdk-17.0.5.0.8-2\bin\jli.dll
0x00007fffa48a0000 - 0x00007fffa4a4e000 	C:\WINDOWS\System32\USER32.dll
0x00007fffa3c60000 - 0x00007fffa3c86000 	C:\WINDOWS\System32\win32u.dll
0x00007fff8a130000 - 0x00007fff8a3c3000 	C:\WINDOWS\WinSxS\amd64_microsoft.windows.common-controls_6595b64144ccf1df_6.0.22621.2506_none_270c5ae97388e100\COMCTL32.dll
0x00007fffa5800000 - 0x00007fffa5829000 	C:\WINDOWS\System32\GDI32.dll
0x00007fffa4710000 - 0x00007fffa47b7000 	C:\WINDOWS\System32\msvcrt.dll
0x00007fffa3d10000 - 0x00007fffa3e28000 	C:\WINDOWS\System32\gdi32full.dll
0x00007fffa3e60000 - 0x00007fffa3efa000 	C:\WINDOWS\System32\msvcp_win.dll
0x00007fffa46d0000 - 0x00007fffa4701000 	C:\WINDOWS\System32\IMM32.DLL
0x00007fff7e7f0000 - 0x00007fff7e7fc000 	D:\FILE\RedHat\java-17-openjdk-17.0.5.0.8-2\bin\vcruntime140_1.dll
0x00007fff1f7d0000 - 0x00007fff1f85d000 	D:\FILE\RedHat\java-17-openjdk-17.0.5.0.8-2\bin\msvcp140.dll
0x00007fff0a8d0000 - 0x00007fff0b52b000 	D:\FILE\RedHat\java-17-openjdk-17.0.5.0.8-2\bin\server\jvm.dll
0x00007fffa5c80000 - 0x00007fffa5d33000 	C:\WINDOWS\System32\ADVAPI32.dll
0x00007fffa65a0000 - 0x00007fffa6648000 	C:\WINDOWS\System32\sechost.dll
0x00007fffa3e30000 - 0x00007fffa3e58000 	C:\WINDOWS\System32\bcrypt.dll
0x00007fffa56d0000 - 0x00007fffa57e7000 	C:\WINDOWS\System32\RPCRT4.dll
0x00007fff3bae0000 - 0x00007fff3bae9000 	C:\WINDOWS\SYSTEM32\WSOCK32.dll
0x00007fff978c0000 - 0x00007fff978ca000 	C:\WINDOWS\SYSTEM32\VERSION.dll
0x00007fff9ad10000 - 0x00007fff9ad44000 	C:\WINDOWS\SYSTEM32\WINMM.dll
0x00007fffa47c0000 - 0x00007fffa4831000 	C:\WINDOWS\System32\WS2_32.dll
0x00007fffa2c00000 - 0x00007fffa2c18000 	C:\WINDOWS\SYSTEM32\kernel.appcore.dll
0x00007fff7e490000 - 0x00007fff7e49a000 	D:\FILE\RedHat\java-17-openjdk-17.0.5.0.8-2\bin\jimage.dll
0x00007fffa1700000 - 0x00007fffa1933000 	C:\WINDOWS\SYSTEM32\DBGHELP.DLL
0x00007fffa4a50000 - 0x00007fffa4dd9000 	C:\WINDOWS\System32\combase.dll
0x00007fffa5a40000 - 0x00007fffa5b17000 	C:\WINDOWS\System32\OLEAUT32.dll
0x00007fff74ad0000 - 0x00007fff74b02000 	C:\WINDOWS\SYSTEM32\dbgcore.DLL
0x00007fffa3c90000 - 0x00007fffa3d0a000 	C:\WINDOWS\System32\bcryptPrimitives.dll
0x00007fff72fe0000 - 0x00007fff73005000 	D:\FILE\RedHat\java-17-openjdk-17.0.5.0.8-2\bin\java.dll

dbghelp: loaded successfully - version: 4.0.5 - missing functions: none
symbol engine: initialized successfully - sym options: 0x614 - pdb path: .;D:\FILE\RedHat\java-17-openjdk-17.0.5.0.8-2\bin;C:\WINDOWS\SYSTEM32;C:\WINDOWS\WinSxS\amd64_microsoft.windows.common-controls_6595b64144ccf1df_6.0.22621.2506_none_270c5ae97388e100;D:\FILE\RedHat\java-17-openjdk-17.0.5.0.8-2\bin\server

VM Arguments:
jvm_args: -Dclassworlds.conf=D:\FILE\Maven_apache\apache-maven-3.9.6-bin\apache-maven-3.9.6\bin\m2.conf -Dmaven.home=D:\FILE\Maven_apache\apache-maven-3.9.6-bin\apache-maven-3.9.6 -Dlibrary.jansi.path=D:\FILE\Maven_apache\apache-maven-3.9.6-bin\apache-maven-3.9.6\lib\jansi-native -Dmaven.multiModuleProjectDirectory=D:\HK2-2\Java\DoAnJava\project\QuanLyBanDienThoai 
java_command: org.codehaus.plexus.classworlds.launcher.Launcher exec:java
java_class_path (initial): D:\FILE\Maven_apache\apache-maven-3.9.6-bin\apache-maven-3.9.6\boot\plexus-classworlds-2.7.0.jar
Launcher Type: SUN_STANDARD

[Global flags]
     intx CICompilerCount                          = 4                                         {product} {ergonomic}
     uint ConcGCThreads                            = 3                                         {product} {ergonomic}
     uint G1ConcRefinementThreads                  = 10                                        {product} {ergonomic}
   size_t G1HeapRegionSize                         = 1048576                                   {product} {ergonomic}
    uintx GCDrainStackTargetSize                   = 64                                        {product} {ergonomic}
   size_t InitialHeapSize                          = 130023424                                 {product} {ergonomic}
   size_t MarkStackSize                            = 4194304                                   {product} {ergonomic}
   size_t MaxHeapSize                              = 2053111808                                {product} {ergonomic}
   size_t MinHeapDeltaBytes                        = 1048576                                   {product} {ergonomic}
   size_t MinHeapSize                              = 8388608                                   {product} {ergonomic}
    uintx NonNMethodCodeHeapSize                   = 5839372                                {pd product} {ergonomic}
    uintx NonProfiledCodeHeapSize                  = 122909434                              {pd product} {ergonomic}
    uintx ProfiledCodeHeapSize                     = 122909434                              {pd product} {ergonomic}
    uintx ReservedCodeCacheSize                    = 251658240                              {pd product} {ergonomic}
     bool SegmentedCodeCache                       = true                                      {product} {ergonomic}
   size_t SoftMaxHeapSize                          = 2053111808                             {manageable} {ergonomic}
     bool UseCompressedClassPointers               = true                           {product lp64_product} {ergonomic}
     bool UseCompressedOops                        = true                           {product lp64_product} {ergonomic}
     bool UseG1GC                                  = true                                      {product} {ergonomic}
     bool UseLargePagesIndividualAllocation        = false                                  {pd product} {ergonomic}

Logging:
Log output configuration:
 #0: stdout all=warning uptime,level,tags
 #1: stderr all=off uptime,level,tags

Environment Variables:
PATH=C:\Program Files\Microsoft MPI\Bin\;C:\WINDOWS\system32;C:\WINDOWS;C:\WINDOWS\System32\Wbem;C:\WINDOWS\System32\WindowsPowerShell\v1.0\;C:\WINDOWS\System32\OpenSSH\;D:\FILE\MinGW\bin;D:\FILE\RedHat\java-17-openjdk-17.0.5.0.8-2\bin;C:\Program Files (x86)\Microsoft SQL Server\160\Tools\Binn\;C:\Program Files\Microsoft SQL Server\160\Tools\Binn\;C:\Program Files\Microsoft SQL Server\Client SDK\ODBC\170\Tools\Binn\;C:\Program Files\Microsoft SQL Server\160\DTS\Binn\;C:\Program Files (x86)\Microsoft SQL Server\160\DTS\Binn\;C:\Program Files\Azure Data Studio\bin;D:\FILE\NodeJs;D:\FILE\Git\Git\cmd;D:\FILE\Maven_apache\apache-maven-3.9.6-bin\apache-maven-3.9.6\bin;C:\Users\nguye\AppData\Local\Programs\Python\Python311\Scripts\;C:\Users\nguye\AppData\Local\Programs\Python\Python311\;C:\Users\nguye\AppData\Local\Microsoft\WindowsApps;D:\FILE\MinGW\bin;D:\FILE\RedHat\java-17-openjdk-17.0.5.0.8-2\bin;C:\Program Files\Azure Data Studio\bin;C:\Program Files\Azure Data Studio\bin;C:\Program Files\Azure Data Studio\bin;D:\FILE\NodeJs;C:\Users\nguye\AppData\Roaming\npm;D:\FILE\Git\Git\cmd;C:\Users\nguye\AppData\Local\Programs\Microsoft VS Code\bin
USERNAME=nguye
LANG=en_US.UTF-8
OS=Windows_NT
PROCESSOR_IDENTIFIER=Intel64 Family 6 Model 154 Stepping 4, GenuineIntel
TMP=C:\Users\nguye\AppData\Local\Temp
TEMP=C:\Users\nguye\AppData\Local\Temp



---------------  S Y S T E M  ---------------

OS:
 Windows 11 , 64 bit Build 22621 (10.0.22621.3085)
OS uptime: 0 days 0:05 hours
Hyper-V role detected

CPU: total 12 (initial active 12) (6 cores per cpu, 2 threads per core) family 6 model 154 stepping 4 microcode 0x432, cx8, cmov, fxsr, ht, mmx, 3dnowpref, sse, sse2, sse3, ssse3, sse4.1, sse4.2, popcnt, lzcnt, tsc, tscinvbit, avx, avx2, aes, erms, clmul, bmi1, bmi2, adx, sha, fma, vzeroupper, clflush, clflushopt, clwb, hv

Memory: 4k page, system-wide physical 7824M (1575M free)
TotalPageFile size 7824M (AvailPageFile size 95M)
current process WorkingSet (physical memory assigned to process): 11M, peak: 11M
current process commit charge ("private bytes"): 64M, peak: 188M

vm_info: OpenJDK 64-Bit Server VM (17.0.5+8-LTS) for windows-amd64 JRE (17.0.5+8-LTS), built on Oct 14 2022 19:54:36 by "" with MS VC++ 16.10 / 16.11 (VS2019)

END.
