#
# There is insufficient memory for the Java Runtime Environment to continue.
# Native memory allocation (malloc) failed to allocate 1048576 bytes for AllocateHeap
# Possible reasons:
#   The system is out of physical RAM or swap space
#   The process is running with CompressedOops enabled, and the Java Heap may be blocking the growth of the native heap
# Possible solutions:
#   Reduce memory load on the system
#   Increase physical memory or swap space
#   Check if swap backing store is full
#   Decrease Java heap size (-Xmx/-Xms)
#   Decrease number of Java threads
#   Decrease Java thread stack sizes (-Xss)
#   Set larger code cache with -XX:ReservedCodeCacheSize=
#   JVM is running with Unscaled Compressed Oops mode in which the Java heap is
#     placed in the first 4GB address space. The Java Heap base address is the
#     maximum limit for the native heap growth. Please use -XX:HeapBaseMinAddress
#     to set the Java Heap base and to place the Java Heap above 4GB virtual address.
# This output file may be truncated or incomplete.
#
#  Out of Memory Error (allocation.cpp:44), pid=668, tid=13704
#
# JRE version:  (17.0.10+7) (build )
# Java VM: OpenJDK 64-Bit Server VM (17.0.10+7, mixed mode, tiered, compressed oops, compressed class ptrs, parallel gc, windows-amd64)
# No core dump will be written. Minidumps are not enabled by default on client versions of Windows
#

---------------  S U M M A R Y ------------

Command Line: --add-modules=ALL-SYSTEM --add-opens=java.base/java.util=ALL-UNNAMED --add-opens=java.base/java.lang=ALL-UNNAMED --add-opens=java.base/sun.nio.fs=ALL-UNNAMED -Declipse.application=org.eclipse.jdt.ls.core.id1 -Dosgi.bundles.defaultStartLevel=4 -Declipse.product=org.eclipse.jdt.ls.core.product -Djava.import.generatesMetadataFilesAtProjectRoot=false -DDetectVMInstallationsJob.disabled=true -Dfile.encoding=utf8 -XX:+UseParallelGC -XX:GCTimeRatio=4 -XX:AdaptiveSizePolicyWeight=90 -Dsun.zip.disableMemoryMapping=true -Xmx1G -Xms100m -Xlog:disable -javaagent:c:\Users\nguye\.vscode\extensions\redhat.java-1.30.0-win32-x64\lombok\lombok-1.18.32.jar -XX:+HeapDumpOnOutOfMemoryError -XX:HeapDumpPath=c:\Users\nguye\AppData\Roaming\Code\User\workspaceStorage\3afd7044574344b92e1ea6d94fea0c50\redhat.java -Daether.dependencyCollector.impl=bf c:\Users\nguye\.vscode\extensions\redhat.java-1.30.0-win32-x64\server\plugins\org.eclipse.equinox.launcher_1.6.800.v20240330-1250.jar -configuration c:\Users\nguye\AppData\Roaming\Code\User\globalStorage\redhat.java\1.30.0\config_win -data c:\Users\nguye\AppData\Roaming\Code\User\workspaceStorage\3afd7044574344b92e1ea6d94fea0c50\redhat.java\jdt_ws --pipe=\\.\pipe\lsp-a0a6b4c0953272c8c3b8bdc380398bcf-sock

Host: 12th Gen Intel(R) Core(TM) i5-1235U, 12 cores, 7G,  Windows 11 , 64 bit Build 22621 (10.0.22621.3085)
Time: Tue Apr 30 15:12:44 2024 SE Asia Standard Time elapsed time: 0.028620 seconds (0d 0h 0m 0s)

---------------  T H R E A D  ---------------

Current thread (0x00000252c1b03c50):  JavaThread "Unknown thread" [_thread_in_vm, id=13704, stack(0x000000736cc00000,0x000000736cd00000)]

Stack: [0x000000736cc00000,0x000000736cd00000]
Native frames: (J=compiled Java code, j=interpreted, Vv=VM code, C=native code)
V  [jvm.dll+0x67d2c9]
V  [jvm.dll+0x834afa]
V  [jvm.dll+0x8365be]
V  [jvm.dll+0x836c23]
V  [jvm.dll+0x2477ff]
V  [jvm.dll+0xa6c93]
V  [jvm.dll+0x6aff76]
V  [jvm.dll+0x6b0b4f]
V  [jvm.dll+0x689a43]
V  [jvm.dll+0x806a7b]
V  [jvm.dll+0x36c774]
V  [jvm.dll+0x7e4e06]
V  [jvm.dll+0x3eff3f]
V  [jvm.dll+0x3f1b71]
C  [jli.dll+0x528f]
C  [ucrtbase.dll+0x29363]
C  [KERNEL32.DLL+0x1257d]
C  [ntdll.dll+0x5aa58]


---------------  P R O C E S S  ---------------

Threads class SMR info:
_java_thread_list=0x00007ff82fa7ee98, length=0, elements={
}

Java Threads: ( => current thread )

Other Threads:
  0x00000252c1b16c40 GCTaskThread "GC Thread#0" [stack: 0x000000736cd00000,0x000000736ce00000] [id=1700]

=>0x00000252c1b03c50 (exited) JavaThread "Unknown thread" [_thread_in_vm, id=13704, stack(0x000000736cc00000,0x000000736cd00000)]

Threads with active compile tasks:

VM state: not at safepoint (normal execution)

VM Mutex/Monitor currently owned by a thread: None

Heap address: 0x00000000c0000000, size: 1024 MB, Compressed Oops mode: 32-bit

CDS archive(s) not mapped
Compressed class space mapped at: 0x0000000100000000-0x0000000140000000, reserved size: 1073741824
Narrow klass base: 0x0000000000000000, Narrow klass shift: 3, Narrow klass range: 0x140000000

GC Precious Log:
 CPUs: 12 total, 12 available
 Memory: 7824M
 Large Page Support: Disabled
 NUMA Support: Disabled
 Compressed Oops: Enabled (32-bit)
 Alignments: Space 512K, Generation 512K, Heap 2M
 Heap Min Capacity: 100M
 Heap Initial Capacity: 100M
 Heap Max Capacity: 1G
 Pre-touch: Disabled
 Parallel Workers: 10

Heap:
 PSYoungGen      total 29696K, used 512K [0x00000000eab00000, 0x00000000ecc00000, 0x0000000100000000)
  eden space 25600K, 2% used [0x00000000eab00000,0x00000000eab80070,0x00000000ec400000)
  from space 4096K, 0% used [0x00000000ec800000,0x00000000ec800000,0x00000000ecc00000)
  to   space 4096K, 0% used [0x00000000ec400000,0x00000000ec400000,0x00000000ec800000)
 ParOldGen       total 68608K, used 0K [0x00000000c0000000, 0x00000000c4300000, 0x00000000eab00000)
  object space 68608K, 0% used [0x00000000c0000000,0x00000000c0000000,0x00000000c4300000)
 Metaspace       used 1149K, committed 1216K, reserved 1114112K
  class space    used 101K, committed 128K, reserved 1048576K

Card table byte_map: [0x00000252d5180000,0x00000252d5390000] _byte_map_base: 0x00000252d4b80000

Marking Bits: (ParMarkBitMap*) 0x00007ff82faed7d0
 Begin Bits: [0x00000252d54f0000, 0x00000252d64f0000)
 End Bits:   [0x00000252d64f0000, 0x00000252d74f0000)

Polling page: 0x00000252c17c0000

Metaspace:

Usage:
  Non-class:      1.02 MB used.
      Class:    101.05 KB used.
       Both:      1.12 MB used.

Virtual space:
  Non-class space:       64.00 MB reserved,       1.06 MB (  2%) committed,  1 nodes.
      Class space:        1.00 GB reserved,     128.00 KB ( <1%) committed,  1 nodes.
             Both:        1.06 GB reserved,       1.19 MB ( <1%) committed. 

Chunk freelists:
   Non-Class:  12.00 MB
       Class:  15.75 MB
        Both:  27.75 MB

MaxMetaspaceSize: unlimited
CompressedClassSpaceSize: 1.00 GB
Initial GC threshold: 21.00 MB
Current GC threshold: 17179869184.00 GB
CDS: off
MetaspaceReclaimPolicy: balanced
 - commit_granule_bytes: 65536.
 - commit_granule_words: 8192.
 - virtual_space_node_default_size: 8388608.
 - enlarge_chunks_in_place: 1.
 - new_chunks_are_fully_committed: 0.
 - uncommit_free_chunks: 1.
 - use_allocation_guard: 0.
 - handle_deallocations: 1.


Internal statistics:

num_allocs_failed_limit: 0.
num_arena_births: 2.
num_arena_deaths: 0.
num_vsnodes_births: 2.
num_vsnodes_deaths: 0.
num_space_committed: 19.
num_space_uncommitted: 0.
num_chunks_returned_to_freelist: 0.
num_chunks_taken_from_freelist: 3.
num_chunk_merges: 0.
num_chunk_splits: 2.
num_chunks_enlarged: 0.
num_inconsistent_stats: 0.

CodeHeap 'non-profiled nmethods': size=120000Kb used=0Kb max_used=0Kb free=120000Kb
 bounds [0x00000252cda70000, 0x00000252cdce0000, 0x00000252d4fa0000]
CodeHeap 'profiled nmethods': size=120000Kb used=0Kb max_used=0Kb free=120000Kb
 bounds [0x00000252c5fa0000, 0x00000252c6210000, 0x00000252cd4d0000]
CodeHeap 'non-nmethods': size=5760Kb used=202Kb max_used=353Kb free=5557Kb
 bounds [0x00000252cd4d0000, 0x00000252cd740000, 0x00000252cda70000]
 total_blobs=66 nmethods=0 adapters=47
 compilation: enabled
              stopped_count=0, restarted_count=0
 full_count=0

Compilation events (0 events):
No events

GC Heap History (0 events):
No events

Dll operation events (1 events):
Event: 0.011 Loaded shared library c:\Users\nguye\.vscode\extensions\redhat.java-1.30.0-win32-x64\jre\17.0.10-win32-x86_64\bin\java.dll

Deoptimization events (0 events):
No events

Classes unloaded (0 events):
No events

Classes redefined (0 events):
No events

Internal exceptions (0 events):
No events

VM Operations (0 events):
No events

Events (20 events):
Event: 0.025 loading class java/lang/Long
Event: 0.025 loading class java/lang/Long done
Event: 0.025 loading class java/util/Iterator
Event: 0.025 loading class java/util/Iterator done
Event: 0.025 loading class java/lang/reflect/RecordComponent
Event: 0.025 loading class java/lang/reflect/RecordComponent done
Event: 0.025 loading class jdk/internal/vm/vector/VectorSupport
Event: 0.025 loading class jdk/internal/vm/vector/VectorSupport done
Event: 0.025 loading class jdk/internal/vm/vector/VectorSupport$VectorPayload
Event: 0.025 loading class jdk/internal/vm/vector/VectorSupport$VectorPayload done
Event: 0.025 loading class jdk/internal/vm/vector/VectorSupport$Vector
Event: 0.025 loading class jdk/internal/vm/vector/VectorSupport$Vector done
Event: 0.025 loading class jdk/internal/vm/vector/VectorSupport$VectorMask
Event: 0.025 loading class jdk/internal/vm/vector/VectorSupport$VectorMask done
Event: 0.025 loading class jdk/internal/vm/vector/VectorSupport$VectorShuffle
Event: 0.025 loading class jdk/internal/vm/vector/VectorSupport$VectorShuffle done
Event: 0.026 loading class java/lang/NullPointerException
Event: 0.026 loading class java/lang/NullPointerException done
Event: 0.026 loading class java/lang/ArithmeticException
Event: 0.026 loading class java/lang/ArithmeticException done


Dynamic libraries:
0x00007ff6943b0000 - 0x00007ff6943be000 	c:\Users\nguye\.vscode\extensions\redhat.java-1.30.0-win32-x64\jre\17.0.10-win32-x86_64\bin\java.exe
0x00007ff8c2af0000 - 0x00007ff8c2d07000 	C:\WINDOWS\SYSTEM32\ntdll.dll
0x00007ff8c0b50000 - 0x00007ff8c0c14000 	C:\WINDOWS\System32\KERNEL32.DLL
0x00007ff8bfe60000 - 0x00007ff8c0206000 	C:\WINDOWS\System32\KERNELBASE.dll
0x00007ff8bce20000 - 0x00007ff8bceb7000 	C:\WINDOWS\SYSTEM32\apphelp.dll
0x00007ff8c04d0000 - 0x00007ff8c05e1000 	C:\WINDOWS\System32\ucrtbase.dll
0x00007ff891890000 - 0x00007ff8918a7000 	c:\Users\nguye\.vscode\extensions\redhat.java-1.30.0-win32-x64\jre\17.0.10-win32-x86_64\bin\jli.dll
0x00007ff890d50000 - 0x00007ff890d6b000 	c:\Users\nguye\.vscode\extensions\redhat.java-1.30.0-win32-x64\jre\17.0.10-win32-x86_64\bin\VCRUNTIME140.dll
0x00007ff8c0dd0000 - 0x00007ff8c0f7e000 	C:\WINDOWS\System32\USER32.dll
0x00007ff8bfe30000 - 0x00007ff8bfe56000 	C:\WINDOWS\System32\win32u.dll
0x00007ff8a6590000 - 0x00007ff8a6823000 	C:\WINDOWS\WinSxS\amd64_microsoft.windows.common-controls_6595b64144ccf1df_6.0.22621.2506_none_270c5ae97388e100\COMCTL32.dll
0x00007ff8c08b0000 - 0x00007ff8c08d9000 	C:\WINDOWS\System32\GDI32.dll
0x00007ff8c15e0000 - 0x00007ff8c1687000 	C:\WINDOWS\System32\msvcrt.dll
0x00007ff8c0660000 - 0x00007ff8c0778000 	C:\WINDOWS\System32\gdi32full.dll
0x00007ff8c0430000 - 0x00007ff8c04ca000 	C:\WINDOWS\System32\msvcp_win.dll
0x00007ff8c0d90000 - 0x00007ff8c0dc1000 	C:\WINDOWS\System32\IMM32.DLL
0x00007ff8a0cb0000 - 0x00007ff8a0cbc000 	c:\Users\nguye\.vscode\extensions\redhat.java-1.30.0-win32-x64\jre\17.0.10-win32-x86_64\bin\vcruntime140_1.dll
0x00007ff884160000 - 0x00007ff8841ed000 	c:\Users\nguye\.vscode\extensions\redhat.java-1.30.0-win32-x64\jre\17.0.10-win32-x86_64\bin\msvcp140.dll
0x00007ff82ef50000 - 0x00007ff82fbb2000 	c:\Users\nguye\.vscode\extensions\redhat.java-1.30.0-win32-x64\jre\17.0.10-win32-x86_64\bin\server\jvm.dll
0x00007ff8c1be0000 - 0x00007ff8c1c93000 	C:\WINDOWS\System32\ADVAPI32.dll
0x00007ff8c0ce0000 - 0x00007ff8c0d88000 	C:\WINDOWS\System32\sechost.dll
0x00007ff8c0290000 - 0x00007ff8c02b8000 	C:\WINDOWS\System32\bcrypt.dll
0x00007ff8c25d0000 - 0x00007ff8c26e7000 	C:\WINDOWS\System32\RPCRT4.dll
0x00007ff8b60f0000 - 0x00007ff8b60fa000 	C:\WINDOWS\SYSTEM32\VERSION.dll
0x00007ff8b6b50000 - 0x00007ff8b6b84000 	C:\WINDOWS\SYSTEM32\WINMM.dll
0x00007ff8bfd00000 - 0x00007ff8bfd4d000 	C:\WINDOWS\SYSTEM32\POWRPROF.dll
0x00007ff84eb50000 - 0x00007ff84eb59000 	C:\WINDOWS\SYSTEM32\WSOCK32.dll
0x00007ff8c0ad0000 - 0x00007ff8c0b41000 	C:\WINDOWS\System32\WS2_32.dll
0x00007ff8bfc30000 - 0x00007ff8bfc43000 	C:\WINDOWS\SYSTEM32\UMPDC.dll
0x00007ff8bee40000 - 0x00007ff8bee58000 	C:\WINDOWS\SYSTEM32\kernel.appcore.dll
0x00007ff891880000 - 0x00007ff89188a000 	c:\Users\nguye\.vscode\extensions\redhat.java-1.30.0-win32-x64\jre\17.0.10-win32-x86_64\bin\jimage.dll
0x00007ff8bd780000 - 0x00007ff8bd9b3000 	C:\WINDOWS\SYSTEM32\DBGHELP.DLL
0x00007ff8c1690000 - 0x00007ff8c1a19000 	C:\WINDOWS\System32\combase.dll
0x00007ff8c08e0000 - 0x00007ff8c09b7000 	C:\WINDOWS\System32\OLEAUT32.dll
0x00007ff88e6d0000 - 0x00007ff88e702000 	C:\WINDOWS\SYSTEM32\dbgcore.DLL
0x00007ff8c0210000 - 0x00007ff8c028a000 	C:\WINDOWS\System32\bcryptPrimitives.dll
0x00007ff890d40000 - 0x00007ff890d4e000 	c:\Users\nguye\.vscode\extensions\redhat.java-1.30.0-win32-x64\jre\17.0.10-win32-x86_64\bin\instrument.dll
0x00007ff88f010000 - 0x00007ff88f035000 	c:\Users\nguye\.vscode\extensions\redhat.java-1.30.0-win32-x64\jre\17.0.10-win32-x86_64\bin\java.dll
0x00007ff890d20000 - 0x00007ff890d38000 	c:\Users\nguye\.vscode\extensions\redhat.java-1.30.0-win32-x64\jre\17.0.10-win32-x86_64\bin\zip.dll

dbghelp: loaded successfully - version: 4.0.5 - missing functions: none
symbol engine: initialized successfully - sym options: 0x614 - pdb path: .;c:\Users\nguye\.vscode\extensions\redhat.java-1.30.0-win32-x64\jre\17.0.10-win32-x86_64\bin;C:\WINDOWS\SYSTEM32;C:\WINDOWS\WinSxS\amd64_microsoft.windows.common-controls_6595b64144ccf1df_6.0.22621.2506_none_270c5ae97388e100;c:\Users\nguye\.vscode\extensions\redhat.java-1.30.0-win32-x64\jre\17.0.10-win32-x86_64\bin\server

VM Arguments:
jvm_args: --add-modules=ALL-SYSTEM --add-opens=java.base/java.util=ALL-UNNAMED --add-opens=java.base/java.lang=ALL-UNNAMED --add-opens=java.base/sun.nio.fs=ALL-UNNAMED -Declipse.application=org.eclipse.jdt.ls.core.id1 -Dosgi.bundles.defaultStartLevel=4 -Declipse.product=org.eclipse.jdt.ls.core.product -Djava.import.generatesMetadataFilesAtProjectRoot=false -DDetectVMInstallationsJob.disabled=true -Dfile.encoding=utf8 -XX:+UseParallelGC -XX:GCTimeRatio=4 -XX:AdaptiveSizePolicyWeight=90 -Dsun.zip.disableMemoryMapping=true -Xmx1G -Xms100m -Xlog:disable -javaagent:c:\Users\nguye\.vscode\extensions\redhat.java-1.30.0-win32-x64\lombok\lombok-1.18.32.jar -XX:+HeapDumpOnOutOfMemoryError -XX:HeapDumpPath=c:\Users\nguye\AppData\Roaming\Code\User\workspaceStorage\3afd7044574344b92e1ea6d94fea0c50\redhat.java -Daether.dependencyCollector.impl=bf 
java_command: c:\Users\nguye\.vscode\extensions\redhat.java-1.30.0-win32-x64\server\plugins\org.eclipse.equinox.launcher_1.6.800.v20240330-1250.jar -configuration c:\Users\nguye\AppData\Roaming\Code\User\globalStorage\redhat.java\1.30.0\config_win -data c:\Users\nguye\AppData\Roaming\Code\User\workspaceStorage\3afd7044574344b92e1ea6d94fea0c50\redhat.java\jdt_ws --pipe=\\.\pipe\lsp-a0a6b4c0953272c8c3b8bdc380398bcf-sock
java_class_path (initial): c:\Users\nguye\.vscode\extensions\redhat.java-1.30.0-win32-x64\server\plugins\org.eclipse.equinox.launcher_1.6.800.v20240330-1250.jar
Launcher Type: SUN_STANDARD

[Global flags]
    uintx AdaptiveSizePolicyWeight                 = 90                                        {product} {command line}
     intx CICompilerCount                          = 4                                         {product} {ergonomic}
    uintx GCTimeRatio                              = 4                                         {product} {command line}
     bool HeapDumpOnOutOfMemoryError               = true                                   {manageable} {command line}
    ccstr HeapDumpPath                             = c:\Users\nguye\AppData\Roaming\Code\User\workspaceStorage\3afd7044574344b92e1ea6d94fea0c50\redhat.java         {manageable} {command line}
   size_t InitialHeapSize                          = 104857600                                 {product} {command line}
   size_t MaxHeapSize                              = 1073741824                                {product} {command line}
   size_t MaxNewSize                               = 357564416                                 {product} {ergonomic}
   size_t MinHeapDeltaBytes                        = 524288                                    {product} {ergonomic}
   size_t MinHeapSize                              = 104857600                                 {product} {command line}
   size_t NewSize                                  = 34603008                                  {product} {ergonomic}
    uintx NonNMethodCodeHeapSize                   = 5839372                                {pd product} {ergonomic}
    uintx NonProfiledCodeHeapSize                  = 122909434                              {pd product} {ergonomic}
   size_t OldSize                                  = 70254592                                  {product} {ergonomic}
    uintx ProfiledCodeHeapSize                     = 122909434                              {pd product} {ergonomic}
    uintx ReservedCodeCacheSize                    = 251658240                              {pd product} {ergonomic}
     bool SegmentedCodeCache                       = true                                      {product} {ergonomic}
   size_t SoftMaxHeapSize                          = 1073741824                             {manageable} {ergonomic}
     bool UseCompressedClassPointers               = true                           {product lp64_product} {ergonomic}
     bool UseCompressedOops                        = true                           {product lp64_product} {ergonomic}
     bool UseLargePagesIndividualAllocation        = false                                  {pd product} {ergonomic}
     bool UseParallelGC                            = true                                      {product} {command line}

Logging:
Log output configuration:
 #0: stdout all=off uptime,level,tags
 #1: stderr all=off uptime,level,tags

Environment Variables:
PATH=C:\Program Files\Microsoft MPI\Bin\;C:\WINDOWS\system32;C:\WINDOWS;C:\WINDOWS\System32\Wbem;C:\WINDOWS\System32\WindowsPowerShell\v1.0\;C:\WINDOWS\System32\OpenSSH\;D:\FILE\MinGW\bin;D:\FILE\RedHat\java-17-openjdk-17.0.5.0.8-2\bin;C:\Program Files (x86)\Microsoft SQL Server\160\Tools\Binn\;C:\Program Files\Microsoft SQL Server\160\Tools\Binn\;C:\Program Files\Microsoft SQL Server\Client SDK\ODBC\170\Tools\Binn\;C:\Program Files\Microsoft SQL Server\160\DTS\Binn\;C:\Program Files (x86)\Microsoft SQL Server\160\DTS\Binn\;C:\Program Files\Azure Data Studio\bin;D:\FILE\NodeJs;D:\FILE\Git\Git\cmd;C:\Users\nguye\AppData\Local\Programs\Python\Python311\Scripts\;C:\Users\nguye\AppData\Local\Programs\Python\Python311\;C:\Users\nguye\AppData\Local\Microsoft\WindowsApps;D:\FILE\MinGW\bin;D:\FILE\RedHat\java-17-openjdk-17.0.5.0.8-2\bin;C:\Program Files\Azure Data Studio\bin;C:\Program Files\Azure Data Studio\bin;C:\Program Files\Azure Data Studio\bin;D:\FILE\NodeJs;C:\Users\nguye\AppData\Roaming\npm;D:\FILE\Git\Git\cmd;C:\Users\nguye\AppData\Local\Programs\Microsoft VS Code\bin
USERNAME=nguye
OS=Windows_NT
PROCESSOR_IDENTIFIER=Intel64 Family 6 Model 154 Stepping 4, GenuineIntel
TMP=C:\Users\nguye\AppData\Local\Temp
TEMP=C:\Users\nguye\AppData\Local\Temp



Periodic native trim disabled


---------------  S Y S T E M  ---------------

OS:
 Windows 11 , 64 bit Build 22621 (10.0.22621.3085)
OS uptime: 0 days 0:12 hours
Hyper-V role detected

CPU: total 12 (initial active 12) (6 cores per cpu, 2 threads per core) family 6 model 154 stepping 4 microcode 0x432, cx8, cmov, fxsr, ht, mmx, 3dnowpref, sse, sse2, sse3, ssse3, sse4.1, sse4.2, popcnt, lzcnt, tsc, tscinvbit, avx, avx2, aes, erms, clmul, bmi1, bmi2, adx, sha, fma, vzeroupper, clflush, clflushopt, clwb, hv
Processor Information for processor 0
  Max Mhz: 1300, Current Mhz: 1300, Mhz Limit: 1300
Processor Information for processor 1
  Max Mhz: 1300, Current Mhz: 1300, Mhz Limit: 1300
Processor Information for processor 2
  Max Mhz: 1300, Current Mhz: 1300, Mhz Limit: 1300
Processor Information for processor 3
  Max Mhz: 1300, Current Mhz: 1300, Mhz Limit: 1300
Processor Information for processor 4
  Max Mhz: 1300, Current Mhz: 900, Mhz Limit: 897
Processor Information for processor 5
  Max Mhz: 1300, Current Mhz: 900, Mhz Limit: 897
Processor Information for processor 6
  Max Mhz: 1300, Current Mhz: 900, Mhz Limit: 897
Processor Information for processor 7
  Max Mhz: 1300, Current Mhz: 900, Mhz Limit: 897
Processor Information for processor 8
  Max Mhz: 1300, Current Mhz: 900, Mhz Limit: 897
Processor Information for processor 9
  Max Mhz: 1300, Current Mhz: 900, Mhz Limit: 897
Processor Information for processor 10
  Max Mhz: 1300, Current Mhz: 900, Mhz Limit: 897
Processor Information for processor 11
  Max Mhz: 1300, Current Mhz: 900, Mhz Limit: 897

Memory: 4k page, system-wide physical 7824M (1801M free)
TotalPageFile size 7824M (AvailPageFile size 29M)
current process WorkingSet (physical memory assigned to process): 17M, peak: 17M
current process commit charge ("private bytes"): 151M, peak: 152M

vm_info: OpenJDK 64-Bit Server VM (17.0.10+7) for windows-amd64 JRE (17.0.10+7), built on Jan 16 2024 23:25:11 by "admin" with MS VC++ 16.10 / 16.11 (VS2019)

END.
