#
# There is insufficient memory for the Java Runtime Environment to continue.
# Native memory allocation (malloc) failed to allocate 2458560 bytes for Chunk::new
# Possible reasons:
#   The system is out of physical RAM or swap space
#   The process is running with CompressedOops enabled, and the Java Heap may be blocking the growth of the native heap
# Possible solutions:
#   Reduce memory load on the system
#   Increase physical memory or swap space
#   Check if swap backing store is full
#   Decrease Java heap size (-Xmx/-Xms)
#   Decrease number of Java threads
#   Decrease Java thread stack sizes (-Xss)
#   Set larger code cache with -XX:ReservedCodeCacheSize=
#   JVM is running with Unscaled Compressed Oops mode in which the Java heap is
#     placed in the first 4GB address space. The Java Heap base address is the
#     maximum limit for the native heap growth. Please use -XX:HeapBaseMinAddress
#     to set the Java Heap base and to place the Java Heap above 4GB virtual address.
# This output file may be truncated or incomplete.
#
#  Out of Memory Error (arena.cpp:191), pid=8992, tid=16784
#
# JRE version: OpenJDK Runtime Environment Temurin-17.0.10+7 (17.0.10+7) (build 17.0.10+7)
# Java VM: OpenJDK 64-Bit Server VM Temurin-17.0.10+7 (17.0.10+7, mixed mode, tiered, compressed oops, compressed class ptrs, parallel gc, windows-amd64)
# No core dump will be written. Minidumps are not enabled by default on client versions of Windows
#

---------------  S U M M A R Y ------------

Command Line: --add-modules=ALL-SYSTEM --add-opens=java.base/java.util=ALL-UNNAMED --add-opens=java.base/java.lang=ALL-UNNAMED --add-opens=java.base/sun.nio.fs=ALL-UNNAMED -Declipse.application=org.eclipse.jdt.ls.core.id1 -Dosgi.bundles.defaultStartLevel=4 -Declipse.product=org.eclipse.jdt.ls.core.product -Djava.import.generatesMetadataFilesAtProjectRoot=false -DDetectVMInstallationsJob.disabled=true -Dfile.encoding=utf8 -XX:+UseParallelGC -XX:GCTimeRatio=4 -XX:AdaptiveSizePolicyWeight=90 -Dsun.zip.disableMemoryMapping=true -Xmx1G -Xms100m -Xlog:disable -javaagent:c:\Users\nguye\.vscode\extensions\redhat.java-1.30.0-win32-x64\lombok\lombok-1.18.32.jar c:\Users\nguye\.vscode\extensions\redhat.java-1.30.0-win32-x64\server\plugins\org.eclipse.equinox.launcher_1.6.800.v20240330-1250.jar -configuration c:\Users\nguye\AppData\Roaming\Code\User\globalStorage\redhat.java\1.30.0\config_ss_win -data c:\Users\nguye\AppData\Roaming\Code\User\workspaceStorage\3afd7044574344b92e1ea6d94fea0c50\redhat.java\ss_ws --pipe=\\.\pipe\lsp-d563a676cd70b92c47aa6f5115b35755-sock

Host: 12th Gen Intel(R) Core(TM) i5-1235U, 12 cores, 7G,  Windows 11 , 64 bit Build 22621 (10.0.22621.3085)
Time: Tue Apr 30 22:43:01 2024 SE Asia Standard Time elapsed time: 1.499477 seconds (0d 0h 0m 1s)

---------------  T H R E A D  ---------------

Current thread (0x000002192d1c6360):  JavaThread "C2 CompilerThread0" daemon [_thread_in_native, id=16784, stack(0x0000005453800000,0x0000005453900000)]


Current CompileTask:
C2:   1499 2273       4       org.lombokweb.asm.ClassReader::readMethod (1066 bytes)

Stack: [0x0000005453800000,0x0000005453900000]
Native frames: (J=compiled Java code, j=interpreted, Vv=VM code, C=native code)
V  [jvm.dll+0x67d2c9]
V  [jvm.dll+0x834afa]
V  [jvm.dll+0x8365be]
V  [jvm.dll+0x836c23]
V  [jvm.dll+0x2477ff]
V  [jvm.dll+0xac514]
V  [jvm.dll+0xacb5c]
V  [jvm.dll+0x3667d7]
V  [jvm.dll+0x1bcf72]
V  [jvm.dll+0x21a049]
V  [jvm.dll+0x219311]
V  [jvm.dll+0x1a502d]
V  [jvm.dll+0x2290de]
V  [jvm.dll+0x2272ac]
V  [jvm.dll+0x7e9bb7]
V  [jvm.dll+0x7e3fba]
V  [jvm.dll+0x67c1b5]
C  [ucrtbase.dll+0x29363]
C  [KERNEL32.DLL+0x1257d]
C  [ntdll.dll+0x5aa58]


---------------  P R O C E S S  ---------------

Threads class SMR info:
_java_thread_list=0x00000219306469b0, length=23, elements={
0x0000021912260520, 0x0000021928010010, 0x0000021928011340, 0x000002192801cf00,
0x000002192801d930, 0x000002192d1bb000, 0x000002192d1c0080, 0x000002192d1c6360,
0x000002192d1c7410, 0x000002192d1c8500, 0x000002192d282190, 0x000002192d275020,
0x000002192e8b49b0, 0x000002192e8b4040, 0x000002192f2d1160, 0x000002192f246190,
0x000002192f345800, 0x000002192f3d08e0, 0x000002192f30be10, 0x000002192f556cc0,
0x000002192f5571d0, 0x000002192f558100, 0x000002192f554e60
}

Java Threads: ( => current thread )
  0x0000021912260520 JavaThread "main" [_thread_blocked, id=9852, stack(0x0000005452f00000,0x0000005453000000)]
  0x0000021928010010 JavaThread "Reference Handler" daemon [_thread_blocked, id=10648, stack(0x0000005453200000,0x0000005453300000)]
  0x0000021928011340 JavaThread "Finalizer" daemon [_thread_blocked, id=17140, stack(0x0000005453300000,0x0000005453400000)]
  0x000002192801cf00 JavaThread "Signal Dispatcher" daemon [_thread_blocked, id=15764, stack(0x0000005453400000,0x0000005453500000)]
  0x000002192801d930 JavaThread "Attach Listener" daemon [_thread_blocked, id=15908, stack(0x0000005453500000,0x0000005453600000)]
  0x000002192d1bb000 JavaThread "Service Thread" daemon [_thread_blocked, id=15800, stack(0x0000005453600000,0x0000005453700000)]
  0x000002192d1c0080 JavaThread "Monitor Deflation Thread" daemon [_thread_blocked, id=15776, stack(0x0000005453700000,0x0000005453800000)]
=>0x000002192d1c6360 JavaThread "C2 CompilerThread0" daemon [_thread_in_native, id=16784, stack(0x0000005453800000,0x0000005453900000)]
  0x000002192d1c7410 JavaThread "C1 CompilerThread0" daemon [_thread_in_native, id=10660, stack(0x0000005453900000,0x0000005453a00000)]
  0x000002192d1c8500 JavaThread "Sweeper thread" daemon [_thread_blocked, id=15520, stack(0x0000005453a00000,0x0000005453b00000)]
  0x000002192d282190 JavaThread "Common-Cleaner" daemon [_thread_blocked, id=8580, stack(0x0000005453b00000,0x0000005453c00000)]
  0x000002192d275020 JavaThread "C2 CompilerThread1" daemon [_thread_in_native, id=5556, stack(0x0000005453c00000,0x0000005453d00000)]
  0x000002192e8b49b0 JavaThread "Notification Thread" daemon [_thread_blocked, id=12116, stack(0x0000005453d00000,0x0000005453e00000)]
  0x000002192e8b4040 JavaThread "C2 CompilerThread2" daemon [_thread_in_native, id=11920, stack(0x0000005453f00000,0x0000005454000000)]
  0x000002192f2d1160 JavaThread "Active Thread: Equinox Container: 81f47df9-5507-4c0d-9a27-13db8f60b1ad" [_thread_blocked, id=8472, stack(0x0000005454600000,0x0000005454700000)]
  0x000002192f246190 JavaThread "Framework Event Dispatcher: Equinox Container: 81f47df9-5507-4c0d-9a27-13db8f60b1ad" daemon [_thread_blocked, id=3128, stack(0x0000005454700000,0x0000005454800000)]
  0x000002192f345800 JavaThread "Start Level: Equinox Container: 81f47df9-5507-4c0d-9a27-13db8f60b1ad" daemon [_thread_in_Java, id=11432, stack(0x0000005454800000,0x0000005454900000)]
  0x000002192f3d08e0 JavaThread "SCR Component Actor" daemon [_thread_blocked, id=16172, stack(0x0000005454900000,0x0000005454a00000)]
  0x000002192f30be10 JavaThread "SCR Component Registry" daemon [_thread_blocked, id=18124, stack(0x0000005454b00000,0x0000005454c00000)]
  0x000002192f556cc0 JavaThread "Worker-JM" [_thread_blocked, id=18360, stack(0x0000005454c00000,0x0000005454d00000)]
  0x000002192f5571d0 JavaThread "Worker-0" [_thread_blocked, id=6460, stack(0x0000005454f00000,0x0000005455000000)]
  0x000002192f558100 JavaThread "Worker-1" [_thread_blocked, id=11064, stack(0x0000005455000000,0x0000005455100000)]
  0x000002192f554e60 JavaThread "Java indexing" daemon [_thread_blocked, id=7584, stack(0x0000005455100000,0x0000005455200000)]

Other Threads:
  0x000002191230e960 VMThread "VM Thread" [stack: 0x0000005453100000,0x0000005453200000] [id=16876]
  0x000002192d50ec60 WatcherThread [stack: 0x0000005453e00000,0x0000005453f00000] [id=12556]
  0x0000021912273df0 GCTaskThread "GC Thread#0" [stack: 0x0000005453000000,0x0000005453100000] [id=10056]
  0x000002192ef397d0 GCTaskThread "GC Thread#1" [stack: 0x0000005454000000,0x0000005454100000] [id=13932]
  0x000002192ed09d60 GCTaskThread "GC Thread#2" [stack: 0x0000005454100000,0x0000005454200000] [id=1624]
  0x000002192ed0a830 GCTaskThread "GC Thread#3" [stack: 0x0000005454200000,0x0000005454300000] [id=12608]
  0x000002192ed0aaf0 GCTaskThread "GC Thread#4" [stack: 0x0000005454300000,0x0000005454400000] [id=12596]
  0x000002192ed0adb0 GCTaskThread "GC Thread#5" [stack: 0x0000005454400000,0x0000005454500000] [id=17680]
  0x000002192ef380b0 GCTaskThread "GC Thread#6" [stack: 0x0000005454500000,0x0000005454600000] [id=13928]
  0x000002192f2eae80 GCTaskThread "GC Thread#7" [stack: 0x0000005454a00000,0x0000005454b00000] [id=11116]
  0x000002192f2eb400 GCTaskThread "GC Thread#8" [stack: 0x0000005454d00000,0x0000005454e00000] [id=11196]
  0x000002192f2eb6c0 GCTaskThread "GC Thread#9" [stack: 0x0000005454e00000,0x0000005454f00000] [id=11148]

Threads with active compile tasks:
C2 CompilerThread0     1508 2273       4       org.lombokweb.asm.ClassReader::readMethod (1066 bytes)
C1 CompilerThread0     1508 2482       3       sun.util.locale.BaseLocale::getInstance (149 bytes)
C2 CompilerThread1     1508 2468 % !   4       java.util.concurrent.ConcurrentHashMap::transfer @ 372 (850 bytes)

VM state: not at safepoint (normal execution)

VM Mutex/Monitor currently owned by a thread: None

Heap address: 0x00000000c0000000, size: 1024 MB, Compressed Oops mode: 32-bit

CDS archive(s) not mapped
Compressed class space mapped at: 0x0000000100000000-0x0000000140000000, reserved size: 1073741824
Narrow klass base: 0x0000000000000000, Narrow klass shift: 3, Narrow klass range: 0x140000000

GC Precious Log:
 CPUs: 12 total, 12 available
 Memory: 7824M
 Large Page Support: Disabled
 NUMA Support: Disabled
 Compressed Oops: Enabled (32-bit)
 Alignments: Space 512K, Generation 512K, Heap 2M
 Heap Min Capacity: 100M
 Heap Initial Capacity: 100M
 Heap Max Capacity: 1G
 Pre-touch: Disabled
 Parallel Workers: 10

Heap:
 PSYoungGen      total 27136K, used 16126K [0x00000000eab00000, 0x00000000ec900000, 0x0000000100000000)
  eden space 24576K, 55% used [0x00000000eab00000,0x00000000eb8465f0,0x00000000ec300000)
  from space 2560K, 98% used [0x00000000ec600000,0x00000000ec879580,0x00000000ec880000)
  to   space 3072K, 0% used [0x00000000ec300000,0x00000000ec300000,0x00000000ec600000)
 ParOldGen       total 68608K, used 6624K [0x00000000c0000000, 0x00000000c4300000, 0x00000000eab00000)
  object space 68608K, 9% used [0x00000000c0000000,0x00000000c0678250,0x00000000c4300000)
 Metaspace       used 28345K, committed 28800K, reserved 1114112K
  class space    used 2722K, committed 2944K, reserved 1048576K

Card table byte_map: [0x00000219258b0000,0x0000021925ac0000] _byte_map_base: 0x00000219252b0000

Marking Bits: (ParMarkBitMap*) 0x00007fff1d44d7d0
 Begin Bits: [0x0000021925c20000, 0x0000021926c20000)
 End Bits:   [0x0000021926c20000, 0x0000021927c20000)

Polling page: 0x0000021911f40000

Metaspace:

Usage:
  Non-class:     25.02 MB used.
      Class:      2.66 MB used.
       Both:     27.68 MB used.

Virtual space:
  Non-class space:       64.00 MB reserved,      25.25 MB ( 39%) committed,  1 nodes.
      Class space:        1.00 GB reserved,       2.88 MB ( <1%) committed,  1 nodes.
             Both:        1.06 GB reserved,      28.12 MB (  3%) committed. 

Chunk freelists:
   Non-Class:  6.38 MB
       Class:  12.98 MB
        Both:  19.36 MB

MaxMetaspaceSize: unlimited
CompressedClassSpaceSize: 1.00 GB
Initial GC threshold: 21.00 MB
Current GC threshold: 35.00 MB
CDS: off
MetaspaceReclaimPolicy: balanced
 - commit_granule_bytes: 65536.
 - commit_granule_words: 8192.
 - virtual_space_node_default_size: 8388608.
 - enlarge_chunks_in_place: 1.
 - new_chunks_are_fully_committed: 0.
 - uncommit_free_chunks: 1.
 - use_allocation_guard: 0.
 - handle_deallocations: 1.


Internal statistics:

num_allocs_failed_limit: 3.
num_arena_births: 288.
num_arena_deaths: 14.
num_vsnodes_births: 2.
num_vsnodes_deaths: 0.
num_space_committed: 450.
num_space_uncommitted: 0.
num_chunks_returned_to_freelist: 17.
num_chunks_taken_from_freelist: 1069.
num_chunk_merges: 5.
num_chunk_splits: 709.
num_chunks_enlarged: 481.
num_inconsistent_stats: 0.

CodeHeap 'non-profiled nmethods': size=120000Kb used=1087Kb max_used=1087Kb free=118913Kb
 bounds [0x000002191e1a0000, 0x000002191e410000, 0x00000219256d0000]
CodeHeap 'profiled nmethods': size=120000Kb used=4877Kb max_used=4877Kb free=115123Kb
 bounds [0x00000219166d0000, 0x0000021916ba0000, 0x000002191dc00000]
CodeHeap 'non-nmethods': size=5760Kb used=1231Kb max_used=1258Kb free=4529Kb
 bounds [0x000002191dc00000, 0x000002191de70000, 0x000002191e1a0000]
 total_blobs=3012 nmethods=2467 adapters=459
 compilation: enabled
              stopped_count=0, restarted_count=0
 full_count=0

Compilation events (20 events):
Event: 1.467 Thread 0x000002192d1c7410 nmethod 2423 0x0000021916b7fe10 code [0x0000021916b80000, 0x0000021916b804d8]
Event: 1.471 Thread 0x000002192d1c7410 2428       3       sun.invoke.util.VerifyAccess::getClassModifiers (24 bytes)
Event: 1.472 Thread 0x000002192d1c7410 nmethod 2428 0x0000021916b80690 code [0x0000021916b80840, 0x0000021916b80a98]
Event: 1.472 Thread 0x000002192d1c7410 2429   !   3       java.lang.invoke.MethodHandle::setVarargs (25 bytes)
Event: 1.473 Thread 0x000002192d1c7410 nmethod 2429 0x0000021916b80b90 code [0x0000021916b80da0, 0x0000021916b81458]
Event: 1.473 Thread 0x000002192d1c7410 2430       3       java.lang.invoke.MemberName::isVarargs (23 bytes)
Event: 1.473 Thread 0x000002192d1c7410 nmethod 2430 0x0000021916b81690 code [0x0000021916b81860, 0x0000021916b81cf8]
Event: 1.475 Thread 0x000002192d1c7410 2431       1       org.eclipse.core.internal.jobs.InternalJob::previous (5 bytes)
Event: 1.475 Thread 0x000002192d1c7410 nmethod 2431 0x000002191e2ac610 code [0x000002191e2ac7a0, 0x000002191e2ac878]
Event: 1.482 Thread 0x000002192d1c7410 2432       3       java.util.LinkedHashMap$LinkedKeyIterator::next (8 bytes)
Event: 1.483 Thread 0x000002192d1c7410 nmethod 2432 0x0000021916b81e90 code [0x0000021916b82040, 0x0000021916b821a8]
Event: 1.492 Thread 0x000002192d1c7410 2436       3       sun.util.locale.LocaleUtils::isUpper (18 bytes)
Event: 1.492 Thread 0x000002192d1c7410 nmethod 2436 0x0000021916b82290 code [0x0000021916b82420, 0x0000021916b82598]
Event: 1.492 Thread 0x000002192d1c7410 2437       3       java.lang.ref.SoftReference::<init> (14 bytes)
Event: 1.492 Thread 0x000002192d1c7410 nmethod 2437 0x0000021916b82610 code [0x0000021916b827c0, 0x0000021916b82a38]
Event: 1.493 Thread 0x000002192d1c7410 2438       3       java.lang.invoke.MemberName::<init> (135 bytes)
Event: 1.493 Thread 0x000002192d1c7410 nmethod 2438 0x0000021916b82b10 code [0x0000021916b82e40, 0x0000021916b84038]
Event: 1.494 Thread 0x000002192d1c7410 2439   !   3       java.util.zip.Inflater::finished (19 bytes)
Event: 1.494 Thread 0x000002192d1c7410 nmethod 2439 0x0000021916b84590 code [0x0000021916b84720, 0x0000021916b84918]
Event: 1.496 Thread 0x000002192e8b4040 2440       4       java.util.HashSet::add (20 bytes)

GC Heap History (14 events):
Event: 0.527 GC heap before
{Heap before GC invocations=1 (full 0):
 PSYoungGen      total 29696K, used 25600K [0x00000000eab00000, 0x00000000ecc00000, 0x0000000100000000)
  eden space 25600K, 100% used [0x00000000eab00000,0x00000000ec400000,0x00000000ec400000)
  from space 4096K, 0% used [0x00000000ec800000,0x00000000ec800000,0x00000000ecc00000)
  to   space 4096K, 0% used [0x00000000ec400000,0x00000000ec400000,0x00000000ec800000)
 ParOldGen       total 68608K, used 0K [0x00000000c0000000, 0x00000000c4300000, 0x00000000eab00000)
  object space 68608K, 0% used [0x00000000c0000000,0x00000000c0000000,0x00000000c4300000)
 Metaspace       used 10955K, committed 11136K, reserved 1114112K
  class space    used 1091K, committed 1216K, reserved 1048576K
}
Event: 0.532 GC heap after
{Heap after GC invocations=1 (full 0):
 PSYoungGen      total 29696K, used 3140K [0x00000000eab00000, 0x00000000ecc00000, 0x0000000100000000)
  eden space 25600K, 0% used [0x00000000eab00000,0x00000000eab00000,0x00000000ec400000)
  from space 4096K, 76% used [0x00000000ec400000,0x00000000ec711288,0x00000000ec800000)
  to   space 4096K, 0% used [0x00000000ec800000,0x00000000ec800000,0x00000000ecc00000)
 ParOldGen       total 68608K, used 16K [0x00000000c0000000, 0x00000000c4300000, 0x00000000eab00000)
  object space 68608K, 0% used [0x00000000c0000000,0x00000000c0004000,0x00000000c4300000)
 Metaspace       used 10955K, committed 11136K, reserved 1114112K
  class space    used 1091K, committed 1216K, reserved 1048576K
}
Event: 0.844 GC heap before
{Heap before GC invocations=2 (full 0):
 PSYoungGen      total 29696K, used 28740K [0x00000000eab00000, 0x00000000ecc00000, 0x0000000100000000)
  eden space 25600K, 100% used [0x00000000eab00000,0x00000000ec400000,0x00000000ec400000)
  from space 4096K, 76% used [0x00000000ec400000,0x00000000ec711288,0x00000000ec800000)
  to   space 4096K, 0% used [0x00000000ec800000,0x00000000ec800000,0x00000000ecc00000)
 ParOldGen       total 68608K, used 16K [0x00000000c0000000, 0x00000000c4300000, 0x00000000eab00000)
  object space 68608K, 0% used [0x00000000c0000000,0x00000000c0004000,0x00000000c4300000)
 Metaspace       used 14774K, committed 15040K, reserved 1114112K
  class space    used 1495K, committed 1664K, reserved 1048576K
}
Event: 0.847 GC heap after
{Heap after GC invocations=2 (full 0):
 PSYoungGen      total 29696K, used 4089K [0x00000000eab00000, 0x00000000ecc00000, 0x0000000100000000)
  eden space 25600K, 0% used [0x00000000eab00000,0x00000000eab00000,0x00000000ec400000)
  from space 4096K, 99% used [0x00000000ec800000,0x00000000ecbfe778,0x00000000ecc00000)
  to   space 4096K, 0% used [0x00000000ec400000,0x00000000ec400000,0x00000000ec800000)
 ParOldGen       total 68608K, used 728K [0x00000000c0000000, 0x00000000c4300000, 0x00000000eab00000)
  object space 68608K, 1% used [0x00000000c0000000,0x00000000c00b6340,0x00000000c4300000)
 Metaspace       used 14774K, committed 15040K, reserved 1114112K
  class space    used 1495K, committed 1664K, reserved 1048576K
}
Event: 1.067 GC heap before
{Heap before GC invocations=3 (full 0):
 PSYoungGen      total 29696K, used 29689K [0x00000000eab00000, 0x00000000ecc00000, 0x0000000100000000)
  eden space 25600K, 100% used [0x00000000eab00000,0x00000000ec400000,0x00000000ec400000)
  from space 4096K, 99% used [0x00000000ec800000,0x00000000ecbfe778,0x00000000ecc00000)
  to   space 4096K, 0% used [0x00000000ec400000,0x00000000ec400000,0x00000000ec800000)
 ParOldGen       total 68608K, used 728K [0x00000000c0000000, 0x00000000c4300000, 0x00000000eab00000)
  object space 68608K, 1% used [0x00000000c0000000,0x00000000c00b6340,0x00000000c4300000)
 Metaspace       used 19777K, committed 20160K, reserved 1114112K
  class space    used 2023K, committed 2176K, reserved 1048576K
}
Event: 1.071 GC heap after
{Heap after GC invocations=3 (full 0):
 PSYoungGen      total 29696K, used 4064K [0x00000000eab00000, 0x00000000ecc00000, 0x0000000100000000)
  eden space 25600K, 0% used [0x00000000eab00000,0x00000000eab00000,0x00000000ec400000)
  from space 4096K, 99% used [0x00000000ec400000,0x00000000ec7f8320,0x00000000ec800000)
  to   space 4096K, 0% used [0x00000000ec800000,0x00000000ec800000,0x00000000ecc00000)
 ParOldGen       total 68608K, used 2410K [0x00000000c0000000, 0x00000000c4300000, 0x00000000eab00000)
  object space 68608K, 3% used [0x00000000c0000000,0x00000000c025abe0,0x00000000c4300000)
 Metaspace       used 19777K, committed 20160K, reserved 1114112K
  class space    used 2023K, committed 2176K, reserved 1048576K
}
Event: 1.139 GC heap before
{Heap before GC invocations=4 (full 0):
 PSYoungGen      total 29696K, used 12028K [0x00000000eab00000, 0x00000000ecc00000, 0x0000000100000000)
  eden space 25600K, 31% used [0x00000000eab00000,0x00000000eb2c6d88,0x00000000ec400000)
  from space 4096K, 99% used [0x00000000ec400000,0x00000000ec7f8320,0x00000000ec800000)
  to   space 4096K, 0% used [0x00000000ec800000,0x00000000ec800000,0x00000000ecc00000)
 ParOldGen       total 68608K, used 2410K [0x00000000c0000000, 0x00000000c4300000, 0x00000000eab00000)
  object space 68608K, 3% used [0x00000000c0000000,0x00000000c025abe0,0x00000000c4300000)
 Metaspace       used 21088K, committed 21504K, reserved 1114112K
  class space    used 2168K, committed 2368K, reserved 1048576K
}
Event: 1.142 GC heap after
{Heap after GC invocations=4 (full 0):
 PSYoungGen      total 29696K, used 4064K [0x00000000eab00000, 0x00000000ecc00000, 0x0000000100000000)
  eden space 25600K, 0% used [0x00000000eab00000,0x00000000eab00000,0x00000000ec400000)
  from space 4096K, 99% used [0x00000000ec800000,0x00000000ecbf8320,0x00000000ecc00000)
  to   space 4096K, 0% used [0x00000000ec400000,0x00000000ec400000,0x00000000ec800000)
 ParOldGen       total 68608K, used 2722K [0x00000000c0000000, 0x00000000c4300000, 0x00000000eab00000)
  object space 68608K, 3% used [0x00000000c0000000,0x00000000c02a8be0,0x00000000c4300000)
 Metaspace       used 21088K, committed 21504K, reserved 1114112K
  class space    used 2168K, committed 2368K, reserved 1048576K
}
Event: 1.142 GC heap before
{Heap before GC invocations=5 (full 1):
 PSYoungGen      total 29696K, used 4064K [0x00000000eab00000, 0x00000000ecc00000, 0x0000000100000000)
  eden space 25600K, 0% used [0x00000000eab00000,0x00000000eab00000,0x00000000ec400000)
  from space 4096K, 99% used [0x00000000ec800000,0x00000000ecbf8320,0x00000000ecc00000)
  to   space 4096K, 0% used [0x00000000ec400000,0x00000000ec400000,0x00000000ec800000)
 ParOldGen       total 68608K, used 2722K [0x00000000c0000000, 0x00000000c4300000, 0x00000000eab00000)
  object space 68608K, 3% used [0x00000000c0000000,0x00000000c02a8be0,0x00000000c4300000)
 Metaspace       used 21088K, committed 21504K, reserved 1114112K
  class space    used 2168K, committed 2368K, reserved 1048576K
}
Event: 1.154 GC heap after
{Heap after GC invocations=5 (full 1):
 PSYoungGen      total 29696K, used 0K [0x00000000eab00000, 0x00000000ecc00000, 0x0000000100000000)
  eden space 25600K, 0% used [0x00000000eab00000,0x00000000eab00000,0x00000000ec400000)
  from space 4096K, 0% used [0x00000000ec800000,0x00000000ec800000,0x00000000ecc00000)
  to   space 4096K, 0% used [0x00000000ec400000,0x00000000ec400000,0x00000000ec800000)
 ParOldGen       total 68608K, used 6608K [0x00000000c0000000, 0x00000000c4300000, 0x00000000eab00000)
  object space 68608K, 9% used [0x00000000c0000000,0x00000000c0674250,0x00000000c4300000)
 Metaspace       used 21075K, committed 21504K, reserved 1114112K
  class space    used 2165K, committed 2368K, reserved 1048576K
}
Event: 1.255 GC heap before
{Heap before GC invocations=6 (full 1):
 PSYoungGen      total 29696K, used 25600K [0x00000000eab00000, 0x00000000ecc00000, 0x0000000100000000)
  eden space 25600K, 100% used [0x00000000eab00000,0x00000000ec400000,0x00000000ec400000)
  from space 4096K, 0% used [0x00000000ec800000,0x00000000ec800000,0x00000000ecc00000)
  to   space 4096K, 0% used [0x00000000ec400000,0x00000000ec400000,0x00000000ec800000)
 ParOldGen       total 68608K, used 6608K [0x00000000c0000000, 0x00000000c4300000, 0x00000000eab00000)
  object space 68608K, 9% used [0x00000000c0000000,0x00000000c0674250,0x00000000c4300000)
 Metaspace       used 24098K, committed 24576K, reserved 1114112K
  class space    used 2367K, committed 2560K, reserved 1048576K
}
Event: 1.256 GC heap after
{Heap after GC invocations=6 (full 1):
 PSYoungGen      total 26112K, used 828K [0x00000000eab00000, 0x00000000ec880000, 0x0000000100000000)
  eden space 25088K, 0% used [0x00000000eab00000,0x00000000eab00000,0x00000000ec380000)
  from space 1024K, 80% used [0x00000000ec400000,0x00000000ec4cf2d0,0x00000000ec500000)
  to   space 2560K, 0% used [0x00000000ec600000,0x00000000ec600000,0x00000000ec880000)
 ParOldGen       total 68608K, used 6616K [0x00000000c0000000, 0x00000000c4300000, 0x00000000eab00000)
  object space 68608K, 9% used [0x00000000c0000000,0x00000000c0676250,0x00000000c4300000)
 Metaspace       used 24098K, committed 24576K, reserved 1114112K
  class space    used 2367K, committed 2560K, reserved 1048576K
}
Event: 1.358 GC heap before
{Heap before GC invocations=7 (full 1):
 PSYoungGen      total 26112K, used 25916K [0x00000000eab00000, 0x00000000ec880000, 0x0000000100000000)
  eden space 25088K, 100% used [0x00000000eab00000,0x00000000ec380000,0x00000000ec380000)
  from space 1024K, 80% used [0x00000000ec400000,0x00000000ec4cf2d0,0x00000000ec500000)
  to   space 2560K, 0% used [0x00000000ec600000,0x00000000ec600000,0x00000000ec880000)
 ParOldGen       total 68608K, used 6616K [0x00000000c0000000, 0x00000000c4300000, 0x00000000eab00000)
  object space 68608K, 9% used [0x00000000c0000000,0x00000000c0676250,0x00000000c4300000)
 Metaspace       used 26659K, committed 27136K, reserved 1114112K
  class space    used 2571K, committed 2752K, reserved 1048576K
}
Event: 1.360 GC heap after
{Heap after GC invocations=7 (full 1):
 PSYoungGen      total 27136K, used 2533K [0x00000000eab00000, 0x00000000ec900000, 0x0000000100000000)
  eden space 24576K, 0% used [0x00000000eab00000,0x00000000eab00000,0x00000000ec300000)
  from space 2560K, 98% used [0x00000000ec600000,0x00000000ec879580,0x00000000ec880000)
  to   space 3072K, 0% used [0x00000000ec300000,0x00000000ec300000,0x00000000ec600000)
 ParOldGen       total 68608K, used 6624K [0x00000000c0000000, 0x00000000c4300000, 0x00000000eab00000)
  object space 68608K, 9% used [0x00000000c0000000,0x00000000c0678250,0x00000000c4300000)
 Metaspace       used 26659K, committed 27136K, reserved 1114112K
  class space    used 2571K, committed 2752K, reserved 1048576K
}

Dll operation events (9 events):
Event: 0.005 Loaded shared library c:\Users\nguye\.vscode\extensions\redhat.java-1.30.0-win32-x64\jre\17.0.10-win32-x86_64\bin\java.dll
Event: 0.113 Loaded shared library c:\Users\nguye\.vscode\extensions\redhat.java-1.30.0-win32-x64\jre\17.0.10-win32-x86_64\bin\zip.dll
Event: 0.116 Loaded shared library C:\Users\nguye\.vscode\extensions\redhat.java-1.30.0-win32-x64\jre\17.0.10-win32-x86_64\bin\instrument.dll
Event: 0.125 Loaded shared library C:\Users\nguye\.vscode\extensions\redhat.java-1.30.0-win32-x64\jre\17.0.10-win32-x86_64\bin\net.dll
Event: 0.127 Loaded shared library C:\Users\nguye\.vscode\extensions\redhat.java-1.30.0-win32-x64\jre\17.0.10-win32-x86_64\bin\nio.dll
Event: 0.130 Loaded shared library C:\Users\nguye\.vscode\extensions\redhat.java-1.30.0-win32-x64\jre\17.0.10-win32-x86_64\bin\zip.dll
Event: 0.142 Loaded shared library C:\Users\nguye\.vscode\extensions\redhat.java-1.30.0-win32-x64\jre\17.0.10-win32-x86_64\bin\jimage.dll
Event: 0.181 Loaded shared library c:\Users\nguye\.vscode\extensions\redhat.java-1.30.0-win32-x64\jre\17.0.10-win32-x86_64\bin\verify.dll
Event: 0.776 Loaded shared library C:\Users\nguye\AppData\Roaming\Code\User\globalStorage\redhat.java\1.30.0\config_ss_win\org.eclipse.equinox.launcher\org.eclipse.equinox.launcher.win32.win32.x86_64_1.2.900.v20240213-1244\eclipse_11900.dll

Deoptimization events (20 events):
Event: 1.440 Thread 0x000002192f345800 Uncommon trap: trap_request=0xffffffc6 fr.pc=0x000002191e22fc78 relative=0x00000000000009b8
Event: 1.440 Thread 0x000002192f345800 Uncommon trap: reason=bimorphic_or_optimized_type_check action=maybe_recompile pc=0x000002191e22fc78 method=java.util.HashMap.putVal(ILjava/lang/Object;Ljava/lang/Object;ZZ)Ljava/lang/Object; @ 253 c2
Event: 1.440 Thread 0x000002192f345800 DEOPT PACKING pc=0x000002191e22fc78 sp=0x00000054548f9640
Event: 1.440 Thread 0x000002192f345800 DEOPT UNPACKING pc=0x000002191dc566a3 sp=0x00000054548f95c0 mode 2
Event: 1.461 Thread 0x000002192f345800 Uncommon trap: trap_request=0xffffff45 fr.pc=0x000002191e1e8ff4 relative=0x0000000000000074
Event: 1.461 Thread 0x000002192f345800 Uncommon trap: reason=unstable_if action=reinterpret pc=0x000002191e1e8ff4 method=jdk.internal.misc.Unsafe.convEndian(ZJ)J @ 4 c2
Event: 1.461 Thread 0x000002192f345800 DEOPT PACKING pc=0x000002191e1e8ff4 sp=0x00000054548f8550
Event: 1.461 Thread 0x000002192f345800 DEOPT UNPACKING pc=0x000002191dc566a3 sp=0x00000054548f8478 mode 2
Event: 1.461 Thread 0x000002192f345800 Uncommon trap: trap_request=0xffffff45 fr.pc=0x000002191e1f3694 relative=0x0000000000000094
Event: 1.461 Thread 0x000002192f345800 Uncommon trap: reason=unstable_if action=reinterpret pc=0x000002191e1f3694 method=jdk.internal.misc.Unsafe.getLongUnaligned(Ljava/lang/Object;J)J @ 7 c2
Event: 1.461 Thread 0x000002192f345800 DEOPT PACKING pc=0x000002191e1f3694 sp=0x00000054548f84c0
Event: 1.461 Thread 0x000002192f345800 DEOPT UNPACKING pc=0x000002191dc566a3 sp=0x00000054548f8470 mode 2
Event: 1.461 Thread 0x000002192f345800 Uncommon trap: trap_request=0xffffff45 fr.pc=0x000002191e2a9794 relative=0x0000000000000954
Event: 1.461 Thread 0x000002192f345800 Uncommon trap: reason=unstable_if action=reinterpret pc=0x000002191e2a9794 method=java.util.Properties$LineReader.readLine()I @ 25 c2
Event: 1.461 Thread 0x000002192f345800 DEOPT PACKING pc=0x000002191e2a9794 sp=0x00000054548f8ac0
Event: 1.461 Thread 0x000002192f345800 DEOPT UNPACKING pc=0x000002191dc566a3 sp=0x00000054548f8a70 mode 2
Event: 1.462 Thread 0x000002192f345800 Uncommon trap: trap_request=0xffffff76 fr.pc=0x000002191e276270 relative=0x0000000000000df0
Event: 1.462 Thread 0x000002192f345800 Uncommon trap: reason=predicate action=maybe_recompile pc=0x000002191e276270 method=java.util.Properties$LineReader.readLine()I @ 53 c2
Event: 1.462 Thread 0x000002192f345800 DEOPT PACKING pc=0x000002191e276270 sp=0x00000054548f8ad0
Event: 1.462 Thread 0x000002192f345800 DEOPT UNPACKING pc=0x000002191dc566a3 sp=0x00000054548f8a88 mode 2

Classes unloaded (7 events):
Event: 1.144 Thread 0x000002191230e960 Unloading class 0x000000010021b400 'java/lang/invoke/LambdaForm$MH+0x000000010021b400'
Event: 1.144 Thread 0x000002191230e960 Unloading class 0x000000010021b000 'java/lang/invoke/LambdaForm$MH+0x000000010021b000'
Event: 1.144 Thread 0x000002191230e960 Unloading class 0x000000010021ac00 'java/lang/invoke/LambdaForm$MH+0x000000010021ac00'
Event: 1.144 Thread 0x000002191230e960 Unloading class 0x000000010021a800 'java/lang/invoke/LambdaForm$MH+0x000000010021a800'
Event: 1.144 Thread 0x000002191230e960 Unloading class 0x000000010021a400 'java/lang/invoke/LambdaForm$BMH+0x000000010021a400'
Event: 1.144 Thread 0x000002191230e960 Unloading class 0x000000010021a000 'java/lang/invoke/LambdaForm$DMH+0x000000010021a000'
Event: 1.144 Thread 0x000002191230e960 Unloading class 0x0000000100214400 'java/lang/invoke/LambdaForm$DMH+0x0000000100214400'

Classes redefined (0 events):
No events

Internal exceptions (20 events):
Event: 1.060 Thread 0x000002192f345800 Exception <a 'java/io/FileNotFoundException'{0x00000000ec301fe0}> (0x00000000ec301fe0) 
thrown [s\src\hotspot\share\prims\jni.cpp, line 516]
Event: 1.086 Thread 0x000002192f345800 Exception <a 'java/lang/NoSuchMethodError'{0x00000000eacbfe28}: 'java.lang.Object java.lang.invoke.DirectMethodHandle$Holder.newInvokeSpecial(java.lang.Object, java.lang.Object, java.lang.Object, java.lang.Object, java.lang.Object)'> (0x00000000eacbfe28) 
thrown [s\src\hotspot\share\interpreter\linkResolver.cpp, line 759]
Event: 1.096 Thread 0x000002192f345800 Exception <a 'java/lang/NoSuchMethodError'{0x00000000eadf82c0}: 'java.lang.Object java.lang.invoke.DirectMethodHandle$Holder.invokeStaticInit(java.lang.Object, int)'> (0x00000000eadf82c0) 
thrown [s\src\hotspot\share\interpreter\linkResolver.cpp, line 759]
Event: 1.117 Thread 0x000002192f345800 Exception <a 'java/lang/NoSuchMethodError'{0x00000000eb05cd60}: 'java.lang.Object java.lang.invoke.DirectMethodHandle$Holder.invokeSpecial(java.lang.Object, java.lang.Object, java.lang.Object, long, java.lang.Object)'> (0x00000000eb05cd60) 
thrown [s\src\hotspot\share\interpreter\linkResolver.cpp, line 759]
Event: 1.118 Thread 0x000002192f345800 Exception <a 'java/lang/NoSuchMethodError'{0x00000000eb064f18}: 'java.lang.Object java.lang.invoke.DirectMethodHandle$Holder.newInvokeSpecial(java.lang.Object, java.lang.Object, java.lang.Object, long)'> (0x00000000eb064f18) 
thrown [s\src\hotspot\share\interpreter\linkResolver.cpp, line 759]
Event: 1.118 Thread 0x000002192f345800 Exception <a 'java/lang/NoSuchMethodError'{0x00000000eb0694b8}: 'java.lang.Object java.lang.invoke.DirectMethodHandle$Holder.invokeSpecial(java.lang.Object, java.lang.Object, java.lang.Object, java.lang.Object, long)'> (0x00000000eb0694b8) 
thrown [s\src\hotspot\share\interpreter\linkResolver.cpp, line 759]
Event: 1.118 Thread 0x000002192f345800 Exception <a 'java/lang/NoSuchMethodError'{0x00000000eb06d330}: 'java.lang.Object java.lang.invoke.Invokers$Holder.linkToTargetMethod(java.lang.Object, java.lang.Object, long, java.lang.Object)'> (0x00000000eb06d330) 
thrown [s\src\hotspot\share\interpreter\linkResolver.cpp, line 759]
Event: 1.122 Thread 0x000002192f345800 Exception <a 'java/lang/NoSuchMethodError'{0x00000000eb0efd80}: 'int java.lang.invoke.DirectMethodHandle$Holder.invokeStaticInit(java.lang.Object, java.lang.Object, java.lang.Object)'> (0x00000000eb0efd80) 
thrown [s\src\hotspot\share\interpreter\linkResolver.cpp, line 759]
Event: 1.126 Thread 0x000002192f345800 Exception <a 'java/lang/IncompatibleClassChangeError'{0x00000000eb172ed0}: Found class java.lang.Object, but interface was expected> (0x00000000eb172ed0) 
thrown [s\src\hotspot\share\interpreter\linkResolver.cpp, line 826]
Event: 1.129 Thread 0x000002192f345800 Exception <a 'java/lang/NoSuchMethodError'{0x00000000eb18de30}: 'java.lang.Object java.lang.invoke.DirectMethodHandle$Holder.invokeSpecial(java.lang.Object, java.lang.Object, java.lang.Object, int, java.lang.Object, java.lang.Object)'> (0x00000000eb18de30) 
thrown [s\src\hotspot\share\interpreter\linkResolver.cpp, line 759]
Event: 1.130 Thread 0x000002192f345800 Exception <a 'java/lang/NoSuchMethodError'{0x00000000eb1965b8}: 'java.lang.Object java.lang.invoke.DirectMethodHandle$Holder.newInvokeSpecial(java.lang.Object, java.lang.Object, java.lang.Object, int, java.lang.Object)'> (0x00000000eb1965b8) 
thrown [s\src\hotspot\share\interpreter\linkResolver.cpp, line 759]
Event: 1.130 Thread 0x000002192f345800 Exception <a 'java/lang/NoSuchMethodError'{0x00000000eb19aa10}: 'java.lang.Object java.lang.invoke.DirectMethodHandle$Holder.invokeSpecial(java.lang.Object, java.lang.Object, java.lang.Object, java.lang.Object, int, java.lang.Object)'> (0x00000000eb19aa10) 
thrown [s\src\hotspot\share\interpreter\linkResolver.cpp, line 759]
Event: 1.130 Thread 0x000002192f5571d0 Exception <a 'java/lang/NoSuchMethodError'{0x00000000eb0c32f8}: 'java.lang.Object java.lang.invoke.DirectMethodHandle$Holder.invokeSpecial(java.lang.Object, java.lang.Object, int, java.lang.Object, java.lang.Object)'> (0x00000000eb0c32f8) 
thrown [s\src\hotspot\share\interpreter\linkResolver.cpp, line 759]
Event: 1.131 Thread 0x000002192f5571d0 Exception <a 'java/lang/NoSuchMethodError'{0x00000000eb0ca9c8}: 'java.lang.Object java.lang.invoke.DirectMethodHandle$Holder.newInvokeSpecial(java.lang.Object, java.lang.Object, int, java.lang.Object)'> (0x00000000eb0ca9c8) 
thrown [s\src\hotspot\share\interpreter\linkResolver.cpp, line 759]
Event: 1.131 Thread 0x000002192f5571d0 Exception <a 'java/lang/NoSuchMethodError'{0x00000000eb0ce4d8}: 'java.lang.Object java.lang.invoke.DirectMethodHandle$Holder.invokeSpecial(java.lang.Object, java.lang.Object, java.lang.Object, int, java.lang.Object)'> (0x00000000eb0ce4d8) 
thrown [s\src\hotspot\share\interpreter\linkResolver.cpp, line 759]
Event: 1.460 Thread 0x000002192f345800 Exception <a 'java/lang/ClassNotFoundException'{0x00000000eb41aac0}: com/sun/org/apache/xerces/internal/impl/msg/spi/DOMMessagesProvider> (0x00000000eb41aac0) 
thrown [s\src\hotspot\share\classfile\systemDictionary.cpp, line 256]
Event: 1.461 Thread 0x000002192f345800 Implicit null exception at 0x000002191e275580 to 0x000002191e276228
Event: 1.462 Thread 0x000002192f345800 Exception <a 'java/lang/ClassNotFoundException'{0x00000000eb447d48}: com/sun/org/apache/xerces/internal/impl/msg/spi/XMLSerializerMessagesProvider> (0x00000000eb447d48) 
thrown [s\src\hotspot\share\classfile\systemDictionary.cpp, line 256]
Event: 1.463 Thread 0x000002192f345800 Exception <a 'java/lang/ClassNotFoundException'{0x00000000eb455cc8}: com/sun/org/apache/xerces/internal/impl/msg/spi/XMLMessagesProvider> (0x00000000eb455cc8) 
thrown [s\src\hotspot\share\classfile\systemDictionary.cpp, line 256]
Event: 1.485 Thread 0x000002192f345800 Exception <a 'java/lang/NoSuchMethodError'{0x00000000eb677cb0}: 'java.lang.Object java.lang.invoke.DirectMethodHandle$Holder.newInvokeSpecial(java.lang.Object, int, java.lang.Object, java.lang.Object)'> (0x00000000eb677cb0) 
thrown [s\src\hotspot\share\interpreter\linkResolver.cpp, line 759]

VM Operations (20 events):
Event: 0.844 Executing VM operation: ParallelGCFailedAllocation
Event: 0.847 Executing VM operation: ParallelGCFailedAllocation done
Event: 0.977 Executing VM operation: HandshakeAllThreads
Event: 0.977 Executing VM operation: HandshakeAllThreads done
Event: 1.030 Executing VM operation: HandshakeAllThreads
Event: 1.030 Executing VM operation: HandshakeAllThreads done
Event: 1.067 Executing VM operation: ParallelGCFailedAllocation
Event: 1.071 Executing VM operation: ParallelGCFailedAllocation done
Event: 1.137 Executing VM operation: HandshakeAllThreads
Event: 1.137 Executing VM operation: HandshakeAllThreads done
Event: 1.139 Executing VM operation: CollectForMetadataAllocation
Event: 1.154 Executing VM operation: CollectForMetadataAllocation done
Event: 1.255 Executing VM operation: ParallelGCFailedAllocation
Event: 1.256 Executing VM operation: ParallelGCFailedAllocation done
Event: 1.358 Executing VM operation: ParallelGCFailedAllocation
Event: 1.360 Executing VM operation: ParallelGCFailedAllocation done
Event: 1.434 Executing VM operation: HandshakeAllThreads
Event: 1.434 Executing VM operation: HandshakeAllThreads done
Event: 1.494 Executing VM operation: HandshakeAllThreads
Event: 1.494 Executing VM operation: HandshakeAllThreads done

Events (20 events):
Event: 1.492 loading class java/util/Locale$Cache
Event: 1.492 loading class java/util/Locale$Cache done
Event: 1.493 loading class jdk/internal/module/ModulePatcher$PatchedModuleReader
Event: 1.493 loading class jdk/internal/module/ModulePatcher$PatchedModuleReader done
Event: 1.495 loading class sun/util/locale/provider/DateFormatProviderImpl
Event: 1.496 loading class sun/util/locale/provider/AvailableLanguageTags
Event: 1.496 loading class sun/util/locale/provider/AvailableLanguageTags done
Event: 1.496 loading class sun/util/locale/provider/DateFormatProviderImpl done
Event: 1.496 loading class sun/util/locale/provider/CalendarDataUtility
Event: 1.496 loading class sun/util/locale/provider/CalendarDataUtility done
Event: 1.496 loading class java/util/Locale$Builder
Event: 1.497 loading class java/util/Locale$Builder done
Event: 1.497 loading class java/text/SimpleDateFormat
Event: 1.497 loading class java/text/SimpleDateFormat done
Event: 1.497 loading class java/text/DateFormat$Field
Event: 1.498 loading class java/text/Format$Field
Event: 1.498 loading class java/text/AttributedCharacterIterator$Attribute
Event: 1.498 loading class java/text/AttributedCharacterIterator$Attribute done
Event: 1.498 loading class java/text/Format$Field done
Event: 1.498 loading class java/text/DateFormat$Field done


Dynamic libraries:
0x00007ff6f6470000 - 0x00007ff6f647e000 	c:\Users\nguye\.vscode\extensions\redhat.java-1.30.0-win32-x64\jre\17.0.10-win32-x86_64\bin\java.exe
0x00007fffa68b0000 - 0x00007fffa6ac7000 	C:\WINDOWS\SYSTEM32\ntdll.dll
0x00007fffa4fa0000 - 0x00007fffa5064000 	C:\WINDOWS\System32\KERNEL32.DLL
0x00007fffa4190000 - 0x00007fffa4536000 	C:\WINDOWS\System32\KERNELBASE.dll
0x00007fffa4070000 - 0x00007fffa4181000 	C:\WINDOWS\System32\ucrtbase.dll
0x00007fff9e900000 - 0x00007fff9e917000 	c:\Users\nguye\.vscode\extensions\redhat.java-1.30.0-win32-x64\jre\17.0.10-win32-x86_64\bin\jli.dll
0x00007fff9e8e0000 - 0x00007fff9e8fb000 	c:\Users\nguye\.vscode\extensions\redhat.java-1.30.0-win32-x64\jre\17.0.10-win32-x86_64\bin\VCRUNTIME140.dll
0x00007fffa48a0000 - 0x00007fffa4a4e000 	C:\WINDOWS\System32\USER32.dll
0x00007fffa3c60000 - 0x00007fffa3c86000 	C:\WINDOWS\System32\win32u.dll
0x00007fff8a130000 - 0x00007fff8a3c3000 	C:\WINDOWS\WinSxS\amd64_microsoft.windows.common-controls_6595b64144ccf1df_6.0.22621.2506_none_270c5ae97388e100\COMCTL32.dll
0x00007fffa5800000 - 0x00007fffa5829000 	C:\WINDOWS\System32\GDI32.dll
0x00007fffa4710000 - 0x00007fffa47b7000 	C:\WINDOWS\System32\msvcrt.dll
0x00007fffa3d10000 - 0x00007fffa3e28000 	C:\WINDOWS\System32\gdi32full.dll
0x00007fffa3e60000 - 0x00007fffa3efa000 	C:\WINDOWS\System32\msvcp_win.dll
0x00007fffa46d0000 - 0x00007fffa4701000 	C:\WINDOWS\System32\IMM32.DLL
0x00007fff9bf00000 - 0x00007fff9bf0c000 	c:\Users\nguye\.vscode\extensions\redhat.java-1.30.0-win32-x64\jre\17.0.10-win32-x86_64\bin\vcruntime140_1.dll
0x00007fff624b0000 - 0x00007fff6253d000 	c:\Users\nguye\.vscode\extensions\redhat.java-1.30.0-win32-x64\jre\17.0.10-win32-x86_64\bin\msvcp140.dll
0x00007fff1c8b0000 - 0x00007fff1d512000 	c:\Users\nguye\.vscode\extensions\redhat.java-1.30.0-win32-x64\jre\17.0.10-win32-x86_64\bin\server\jvm.dll
0x00007fffa5c80000 - 0x00007fffa5d33000 	C:\WINDOWS\System32\ADVAPI32.dll
0x00007fffa65a0000 - 0x00007fffa6648000 	C:\WINDOWS\System32\sechost.dll
0x00007fffa3e30000 - 0x00007fffa3e58000 	C:\WINDOWS\System32\bcrypt.dll
0x00007fffa56d0000 - 0x00007fffa57e7000 	C:\WINDOWS\System32\RPCRT4.dll
0x00007fffa3ac0000 - 0x00007fffa3b0d000 	C:\WINDOWS\SYSTEM32\POWRPROF.dll
0x00007fff3bae0000 - 0x00007fff3bae9000 	C:\WINDOWS\SYSTEM32\WSOCK32.dll
0x00007fff978c0000 - 0x00007fff978ca000 	C:\WINDOWS\SYSTEM32\VERSION.dll
0x00007fffa47c0000 - 0x00007fffa4831000 	C:\WINDOWS\System32\WS2_32.dll
0x00007fff9ad10000 - 0x00007fff9ad44000 	C:\WINDOWS\SYSTEM32\WINMM.dll
0x00007fffa39f0000 - 0x00007fffa3a03000 	C:\WINDOWS\SYSTEM32\UMPDC.dll
0x00007fffa2c00000 - 0x00007fffa2c18000 	C:\WINDOWS\SYSTEM32\kernel.appcore.dll
0x00007fff9bef0000 - 0x00007fff9befa000 	c:\Users\nguye\.vscode\extensions\redhat.java-1.30.0-win32-x64\jre\17.0.10-win32-x86_64\bin\jimage.dll
0x00007fffa1700000 - 0x00007fffa1933000 	C:\WINDOWS\SYSTEM32\DBGHELP.DLL
0x00007fffa4a50000 - 0x00007fffa4dd9000 	C:\WINDOWS\System32\combase.dll
0x00007fffa5a40000 - 0x00007fffa5b17000 	C:\WINDOWS\System32\OLEAUT32.dll
0x00007fff74ad0000 - 0x00007fff74b02000 	C:\WINDOWS\SYSTEM32\dbgcore.DLL
0x00007fffa3c90000 - 0x00007fffa3d0a000 	C:\WINDOWS\System32\bcryptPrimitives.dll
0x00007fff9bee0000 - 0x00007fff9beee000 	c:\Users\nguye\.vscode\extensions\redhat.java-1.30.0-win32-x64\jre\17.0.10-win32-x86_64\bin\instrument.dll
0x00007fff72790000 - 0x00007fff727b5000 	c:\Users\nguye\.vscode\extensions\redhat.java-1.30.0-win32-x64\jre\17.0.10-win32-x86_64\bin\java.dll
0x00007fff70500000 - 0x00007fff70518000 	c:\Users\nguye\.vscode\extensions\redhat.java-1.30.0-win32-x64\jre\17.0.10-win32-x86_64\bin\zip.dll
0x00007fffa5d40000 - 0x00007fffa659b000 	C:\WINDOWS\System32\SHELL32.dll
0x00007fffa1b00000 - 0x00007fffa23f6000 	C:\WINDOWS\SYSTEM32\windows.storage.dll
0x00007fffa19c0000 - 0x00007fffa1afe000 	C:\WINDOWS\SYSTEM32\wintypes.dll
0x00007fffa4e50000 - 0x00007fffa4f43000 	C:\WINDOWS\System32\SHCORE.dll
0x00007fffa4840000 - 0x00007fffa489e000 	C:\WINDOWS\System32\shlwapi.dll
0x00007fffa3b20000 - 0x00007fffa3b46000 	C:\WINDOWS\SYSTEM32\profapi.dll
0x00007fff65bd0000 - 0x00007fff65be9000 	C:\Users\nguye\.vscode\extensions\redhat.java-1.30.0-win32-x64\jre\17.0.10-win32-x86_64\bin\net.dll
0x00007fff9da30000 - 0x00007fff9db67000 	C:\WINDOWS\SYSTEM32\WINHTTP.dll
0x00007fffa30b0000 - 0x00007fffa3119000 	C:\WINDOWS\system32\mswsock.dll
0x00007fff623d0000 - 0x00007fff623e6000 	C:\Users\nguye\.vscode\extensions\redhat.java-1.30.0-win32-x64\jre\17.0.10-win32-x86_64\bin\nio.dll
0x00007fff7c980000 - 0x00007fff7c990000 	c:\Users\nguye\.vscode\extensions\redhat.java-1.30.0-win32-x64\jre\17.0.10-win32-x86_64\bin\verify.dll
0x00007fff7cb80000 - 0x00007fff7cbbe000 	C:\Users\nguye\AppData\Roaming\Code\User\globalStorage\redhat.java\1.30.0\config_ss_win\org.eclipse.equinox.launcher\org.eclipse.equinox.launcher.win32.win32.x86_64_1.2.900.v20240213-1244\eclipse_11900.dll
0x00007fffa66d0000 - 0x00007fffa6870000 	C:\WINDOWS\System32\ole32.dll

dbghelp: loaded successfully - version: 4.0.5 - missing functions: none
symbol engine: initialized successfully - sym options: 0x614 - pdb path: .;c:\Users\nguye\.vscode\extensions\redhat.java-1.30.0-win32-x64\jre\17.0.10-win32-x86_64\bin;C:\WINDOWS\SYSTEM32;C:\WINDOWS\WinSxS\amd64_microsoft.windows.common-controls_6595b64144ccf1df_6.0.22621.2506_none_270c5ae97388e100;c:\Users\nguye\.vscode\extensions\redhat.java-1.30.0-win32-x64\jre\17.0.10-win32-x86_64\bin\server;C:\Users\nguye\AppData\Roaming\Code\User\globalStorage\redhat.java\1.30.0\config_ss_win\org.eclipse.equinox.launcher\org.eclipse.equinox.launcher.win32.win32.x86_64_1.2.900.v20240213-1244

VM Arguments:
jvm_args: --add-modules=ALL-SYSTEM --add-opens=java.base/java.util=ALL-UNNAMED --add-opens=java.base/java.lang=ALL-UNNAMED --add-opens=java.base/sun.nio.fs=ALL-UNNAMED -Declipse.application=org.eclipse.jdt.ls.core.id1 -Dosgi.bundles.defaultStartLevel=4 -Declipse.product=org.eclipse.jdt.ls.core.product -Djava.import.generatesMetadataFilesAtProjectRoot=false -DDetectVMInstallationsJob.disabled=true -Dfile.encoding=utf8 -XX:+UseParallelGC -XX:GCTimeRatio=4 -XX:AdaptiveSizePolicyWeight=90 -Dsun.zip.disableMemoryMapping=true -Xmx1G -Xms100m -Xlog:disable -javaagent:c:\Users\nguye\.vscode\extensions\redhat.java-1.30.0-win32-x64\lombok\lombok-1.18.32.jar 
java_command: c:\Users\nguye\.vscode\extensions\redhat.java-1.30.0-win32-x64\server\plugins\org.eclipse.equinox.launcher_1.6.800.v20240330-1250.jar -configuration c:\Users\nguye\AppData\Roaming\Code\User\globalStorage\redhat.java\1.30.0\config_ss_win -data c:\Users\nguye\AppData\Roaming\Code\User\workspaceStorage\3afd7044574344b92e1ea6d94fea0c50\redhat.java\ss_ws --pipe=\\.\pipe\lsp-d563a676cd70b92c47aa6f5115b35755-sock
java_class_path (initial): c:\Users\nguye\.vscode\extensions\redhat.java-1.30.0-win32-x64\server\plugins\org.eclipse.equinox.launcher_1.6.800.v20240330-1250.jar
Launcher Type: SUN_STANDARD

[Global flags]
    uintx AdaptiveSizePolicyWeight                 = 90                                        {product} {command line}
     intx CICompilerCount                          = 4                                         {product} {ergonomic}
    uintx GCTimeRatio                              = 4                                         {product} {command line}
   size_t InitialHeapSize                          = 104857600                                 {product} {command line}
   size_t MaxHeapSize                              = 1073741824                                {product} {command line}
   size_t MaxNewSize                               = 357564416                                 {product} {ergonomic}
   size_t MinHeapDeltaBytes                        = 524288                                    {product} {ergonomic}
   size_t MinHeapSize                              = 104857600                                 {product} {command line}
   size_t NewSize                                  = 34603008                                  {product} {ergonomic}
    uintx NonNMethodCodeHeapSize                   = 5839372                                {pd product} {ergonomic}
    uintx NonProfiledCodeHeapSize                  = 122909434                              {pd product} {ergonomic}
   size_t OldSize                                  = 70254592                                  {product} {ergonomic}
    uintx ProfiledCodeHeapSize                     = 122909434                              {pd product} {ergonomic}
    uintx ReservedCodeCacheSize                    = 251658240                              {pd product} {ergonomic}
     bool SegmentedCodeCache                       = true                                      {product} {ergonomic}
   size_t SoftMaxHeapSize                          = 1073741824                             {manageable} {ergonomic}
     bool UseCompressedClassPointers               = true                           {product lp64_product} {ergonomic}
     bool UseCompressedOops                        = true                           {product lp64_product} {ergonomic}
     bool UseLargePagesIndividualAllocation        = false                                  {pd product} {ergonomic}
     bool UseParallelGC                            = true                                      {product} {command line}

Logging:
Log output configuration:
 #0: stdout all=off uptime,level,tags
 #1: stderr all=off uptime,level,tags

Environment Variables:
PATH=C:\Program Files\Microsoft MPI\Bin\;C:\WINDOWS\system32;C:\WINDOWS;C:\WINDOWS\System32\Wbem;C:\WINDOWS\System32\WindowsPowerShell\v1.0\;C:\WINDOWS\System32\OpenSSH\;D:\FILE\MinGW\bin;D:\FILE\RedHat\java-17-openjdk-17.0.5.0.8-2\bin;C:\Program Files (x86)\Microsoft SQL Server\160\Tools\Binn\;C:\Program Files\Microsoft SQL Server\160\Tools\Binn\;C:\Program Files\Microsoft SQL Server\Client SDK\ODBC\170\Tools\Binn\;C:\Program Files\Microsoft SQL Server\160\DTS\Binn\;C:\Program Files (x86)\Microsoft SQL Server\160\DTS\Binn\;C:\Program Files\Azure Data Studio\bin;D:\FILE\NodeJs;D:\FILE\Git\Git\cmd;D:\FILE\Maven_apache\apache-maven-3.9.6-bin\apache-maven-3.9.6\bin;C:\Users\nguye\AppData\Local\Programs\Python\Python311\Scripts\;C:\Users\nguye\AppData\Local\Programs\Python\Python311\;C:\Users\nguye\AppData\Local\Microsoft\WindowsApps;D:\FILE\MinGW\bin;D:\FILE\RedHat\java-17-openjdk-17.0.5.0.8-2\bin;C:\Program Files\Azure Data Studio\bin;C:\Program Files\Azure Data Studio\bin;C:\Program Files\Azure Data Studio\bin;D:\FILE\NodeJs;C:\Users\nguye\AppData\Roaming\npm;D:\FILE\Git\Git\cmd;C:\Users\nguye\AppData\Local\Programs\Microsoft VS Code\bin
USERNAME=nguye
OS=Windows_NT
PROCESSOR_IDENTIFIER=Intel64 Family 6 Model 154 Stepping 4, GenuineIntel
TMP=C:\Users\nguye\AppData\Local\Temp
TEMP=C:\Users\nguye\AppData\Local\Temp



Periodic native trim disabled


---------------  S Y S T E M  ---------------

OS:
 Windows 11 , 64 bit Build 22621 (10.0.22621.3085)
OS uptime: 0 days 0:05 hours
Hyper-V role detected

CPU: total 12 (initial active 12) (6 cores per cpu, 2 threads per core) family 6 model 154 stepping 4 microcode 0x432, cx8, cmov, fxsr, ht, mmx, 3dnowpref, sse, sse2, sse3, ssse3, sse4.1, sse4.2, popcnt, lzcnt, tsc, tscinvbit, avx, avx2, aes, erms, clmul, bmi1, bmi2, adx, sha, fma, vzeroupper, clflush, clflushopt, clwb, hv
Processor Information for processor 0
  Max Mhz: 1300, Current Mhz: 1300, Mhz Limit: 1300
Processor Information for processor 1
  Max Mhz: 1300, Current Mhz: 1300, Mhz Limit: 1300
Processor Information for processor 2
  Max Mhz: 1300, Current Mhz: 1300, Mhz Limit: 1300
Processor Information for processor 3
  Max Mhz: 1300, Current Mhz: 1300, Mhz Limit: 1300
Processor Information for processor 4
  Max Mhz: 1300, Current Mhz: 900, Mhz Limit: 897
Processor Information for processor 5
  Max Mhz: 1300, Current Mhz: 900, Mhz Limit: 897
Processor Information for processor 6
  Max Mhz: 1300, Current Mhz: 900, Mhz Limit: 897
Processor Information for processor 7
  Max Mhz: 1300, Current Mhz: 900, Mhz Limit: 897
Processor Information for processor 8
  Max Mhz: 1300, Current Mhz: 900, Mhz Limit: 897
Processor Information for processor 9
  Max Mhz: 1300, Current Mhz: 900, Mhz Limit: 897
Processor Information for processor 10
  Max Mhz: 1300, Current Mhz: 900, Mhz Limit: 897
Processor Information for processor 11
  Max Mhz: 1300, Current Mhz: 900, Mhz Limit: 897

Memory: 4k page, system-wide physical 7824M (1579M free)
TotalPageFile size 7824M (AvailPageFile size 4M)
current process WorkingSet (physical memory assigned to process): 133M, peak: 136M
current process commit charge ("private bytes"): 250M, peak: 252M

vm_info: OpenJDK 64-Bit Server VM (17.0.10+7) for windows-amd64 JRE (17.0.10+7), built on Jan 16 2024 23:25:11 by "admin" with MS VC++ 16.10 / 16.11 (VS2019)

END.
