#
# There is insufficient memory for the Java Runtime Environment to continue.
# Native memory allocation (malloc) failed to allocate 2067216 bytes for Chunk::new
# Possible reasons:
#   The system is out of physical RAM or swap space
#   The process is running with CompressedOops enabled, and the Java Heap may be blocking the growth of the native heap
# Possible solutions:
#   Reduce memory load on the system
#   Increase physical memory or swap space
#   Check if swap backing store is full
#   Decrease Java heap size (-Xmx/-Xms)
#   Decrease number of Java threads
#   Decrease Java thread stack sizes (-Xss)
#   Set larger code cache with -XX:ReservedCodeCacheSize=
#   JVM is running with Unscaled Compressed Oops mode in which the Java heap is
#     placed in the first 4GB address space. The Java Heap base address is the
#     maximum limit for the native heap growth. Please use -XX:HeapBaseMinAddress
#     to set the Java Heap base and to place the Java Heap above 4GB virtual address.
# This output file may be truncated or incomplete.
#
#  Out of Memory Error (arena.cpp:189), pid=18368, tid=5768
#
# JRE version: OpenJDK Runtime Environment (Red_Hat-17.0.5.0+8-2) (17.0.5+8) (build 17.0.5+8-LTS)
# Java VM: OpenJDK 64-Bit Server VM (Red_Hat-17.0.5.0+8-2) (17.0.5+8-LTS, mixed mode, sharing, tiered, compressed oops, compressed class ptrs, g1 gc, windows-amd64)
# No core dump will be written. Minidumps are not enabled by default on client versions of Windows
#

---------------  S U M M A R Y ------------

Command Line: -Dclassworlds.conf=D:\FILE\Maven_apache\apache-maven-3.9.6-bin\apache-maven-3.9.6\bin\m2.conf -Dmaven.home=D:\FILE\Maven_apache\apache-maven-3.9.6-bin\apache-maven-3.9.6 -Dlibrary.jansi.path=D:\FILE\Maven_apache\apache-maven-3.9.6-bin\apache-maven-3.9.6\lib\jansi-native -Dmaven.multiModuleProjectDirectory=D:\HK2-2\Java\DoAnJava\project\QuanLyBanDienThoai org.codehaus.plexus.classworlds.launcher.Launcher exec:java

Host: 12th Gen Intel(R) Core(TM) i5-1235U, 12 cores, 7G,  Windows 11 , 64 bit Build 22621 (10.0.22621.3085)
Time: Tue Apr 30 22:43:59 2024 SE Asia Standard Time elapsed time: 20.945867 seconds (0d 0h 0m 20s)

---------------  T H R E A D  ---------------

Current thread (0x00000219d519e020):  JavaThread "C2 CompilerThread0" daemon [_thread_in_native, id=5768, stack(0x00000087afd00000,0x00000087afe00000)]


Current CompileTask:
C2:  20945 6056   !   4       java.awt.Component::reshape (312 bytes)

Stack: [0x00000087afd00000,0x00000087afe00000]
Native frames: (J=compiled Java code, j=interpreted, Vv=VM code, C=native code)
V  [jvm.dll+0x677b2a]
V  [jvm.dll+0x832c64]
V  [jvm.dll+0x83440e]
V  [jvm.dll+0x834a73]
V  [jvm.dll+0x245035]
V  [jvm.dll+0xabd4c]
V  [jvm.dll+0xac31c]
V  [jvm.dll+0x363082]
V  [jvm.dll+0x32d761]
V  [jvm.dll+0x32cc0a]
V  [jvm.dll+0x217f61]
V  [jvm.dll+0x217381]
V  [jvm.dll+0x1a378d]
V  [jvm.dll+0x226d0a]
V  [jvm.dll+0x224e65]
V  [jvm.dll+0x7e85ec]
V  [jvm.dll+0x7e2b5a]
V  [jvm.dll+0x6769d5]
C  [ucrtbase.dll+0x29363]
C  [KERNEL32.DLL+0x1257d]
C  [ntdll.dll+0x5aa58]


---------------  P R O C E S S  ---------------

Threads class SMR info:
_java_thread_list=0x00000219d988b5d0, length=22, elements={
0x00000219b4cd2850, 0x00000219d518b030, 0x00000219d518b9e0, 0x00000219d519b580,
0x00000219d519bf30, 0x00000219d519c8e0, 0x00000219d519d290, 0x00000219d519e020,
0x00000219d51a3ee0, 0x00000219d51a57f0, 0x00000219d5cd5230, 0x00000219d5cdbb90,
0x00000219d6e80740, 0x00000219d6b7fc50, 0x00000219d7029f30, 0x00000219d74498d0,
0x00000219d72b4db0, 0x00000219d6814f60, 0x00000219d6815430, 0x00000219d68145c0,
0x00000219dc780170, 0x00000219d6cebde0
}

Java Threads: ( => current thread )
  0x00000219b4cd2850 JavaThread "main" [_thread_blocked, id=17040, stack(0x00000087af000000,0x00000087af100000)]
  0x00000219d518b030 JavaThread "Reference Handler" daemon [_thread_blocked, id=8636, stack(0x00000087af700000,0x00000087af800000)]
  0x00000219d518b9e0 JavaThread "Finalizer" daemon [_thread_blocked, id=15332, stack(0x00000087af800000,0x00000087af900000)]
  0x00000219d519b580 JavaThread "Signal Dispatcher" daemon [_thread_blocked, id=14020, stack(0x00000087af900000,0x00000087afa00000)]
  0x00000219d519bf30 JavaThread "Attach Listener" daemon [_thread_blocked, id=15512, stack(0x00000087afa00000,0x00000087afb00000)]
  0x00000219d519c8e0 JavaThread "Service Thread" daemon [_thread_blocked, id=15160, stack(0x00000087afb00000,0x00000087afc00000)]
  0x00000219d519d290 JavaThread "Monitor Deflation Thread" daemon [_thread_blocked, id=9688, stack(0x00000087afc00000,0x00000087afd00000)]
=>0x00000219d519e020 JavaThread "C2 CompilerThread0" daemon [_thread_in_native, id=5768, stack(0x00000087afd00000,0x00000087afe00000)]
  0x00000219d51a3ee0 JavaThread "C1 CompilerThread0" daemon [_thread_blocked, id=16992, stack(0x00000087afe00000,0x00000087aff00000)]
  0x00000219d51a57f0 JavaThread "Sweeper thread" daemon [_thread_blocked, id=15632, stack(0x00000087aff00000,0x00000087b0000000)]
  0x00000219d5cd5230 JavaThread "Notification Thread" daemon [_thread_blocked, id=12788, stack(0x00000087b0000000,0x00000087b0100000)]
  0x00000219d5cdbb90 JavaThread "Common-Cleaner" daemon [_thread_blocked, id=6808, stack(0x00000087b0200000,0x00000087b0300000)]
  0x00000219d6e80740 JavaThread "ForkJoinPool.commonPool-worker-1" daemon [_thread_blocked, id=6116, stack(0x00000087b0e00000,0x00000087b0f00000)]
  0x00000219d6b7fc50 JavaThread "ForkJoinPool.commonPool-worker-2" daemon [_thread_blocked, id=16156, stack(0x00000087b0f00000,0x00000087b1000000)]
  0x00000219d7029f30 JavaThread "Java2D Disposer" daemon [_thread_blocked, id=7232, stack(0x00000087b1100000,0x00000087b1200000)]
  0x00000219d74498d0 JavaThread "AWT-Shutdown" [_thread_blocked, id=13856, stack(0x00000087b1200000,0x00000087b1300000)]
  0x00000219d72b4db0 JavaThread "AWT-Windows" daemon [_thread_in_native, id=4404, stack(0x00000087b1300000,0x00000087b1400000)]
  0x00000219d6814f60 JavaThread "AWT-EventQueue-0" [_thread_blocked, id=12948, stack(0x00000087b1900000,0x00000087b1a00000)]
  0x00000219d6815430 JavaThread "TimerQueue" daemon [_thread_blocked, id=15140, stack(0x00000087b1000000,0x00000087b1100000)]
  0x00000219d68145c0 JavaThread "mysql-cj-abandoned-connection-cleanup" daemon [_thread_blocked, id=16768, stack(0x00000087b0300000,0x00000087b0400000)]
  0x00000219dc780170 JavaThread "C2 CompilerThread1" daemon [_thread_blocked, id=11896, stack(0x00000087b1600000,0x00000087b1700000)]
  0x00000219d6cebde0 JavaThread "C2 CompilerThread2" daemon [_thread_blocked, id=13044, stack(0x00000087b1a00000,0x00000087b1b00000)]

Other Threads:
  0x00000219d5182ed0 VMThread "VM Thread" [stack: 0x00000087af600000,0x00000087af700000] [id=16252]
  0x00000219d5cd6320 WatcherThread [stack: 0x00000087b0100000,0x00000087b0200000] [id=9276]
  0x00000219b4d285d0 GCTaskThread "GC Thread#0" [stack: 0x00000087af100000,0x00000087af200000] [id=16652]
  0x00000219d64fe3a0 GCTaskThread "GC Thread#1" [stack: 0x00000087b0500000,0x00000087b0600000] [id=4628]
  0x00000219d64f0330 GCTaskThread "GC Thread#2" [stack: 0x00000087b0600000,0x00000087b0700000] [id=14708]
  0x00000219d64f05e0 GCTaskThread "GC Thread#3" [stack: 0x00000087b0700000,0x00000087b0800000] [id=15836]
  0x00000219d6c84600 GCTaskThread "GC Thread#4" [stack: 0x00000087b0800000,0x00000087b0900000] [id=16168]
  0x00000219d6c848b0 GCTaskThread "GC Thread#5" [stack: 0x00000087b0900000,0x00000087b0a00000] [id=13888]
  0x00000219d6c84b60 GCTaskThread "GC Thread#6" [stack: 0x00000087b0a00000,0x00000087b0b00000] [id=15628]
  0x00000219d6bb57b0 GCTaskThread "GC Thread#7" [stack: 0x00000087b0b00000,0x00000087b0c00000] [id=17376]
  0x00000219d68190c0 GCTaskThread "GC Thread#8" [stack: 0x00000087b0c00000,0x00000087b0d00000] [id=11052]
  0x00000219d6819370 GCTaskThread "GC Thread#9" [stack: 0x00000087b0d00000,0x00000087b0e00000] [id=15728]
  0x00000219b4d38870 ConcurrentGCThread "G1 Main Marker" [stack: 0x00000087af200000,0x00000087af300000] [id=12156]
  0x00000219b4d3a130 ConcurrentGCThread "G1 Conc#0" [stack: 0x00000087af300000,0x00000087af400000] [id=10152]
  0x00000219d6f63880 ConcurrentGCThread "G1 Conc#1" [stack: 0x00000087b1400000,0x00000087b1500000] [id=18244]
  0x00000219d6f63b30 ConcurrentGCThread "G1 Conc#2" [stack: 0x00000087b1500000,0x00000087b1600000] [id=14296]
  0x00000219b4d8e940 ConcurrentGCThread "G1 Refine#0" [stack: 0x00000087af400000,0x00000087af500000] [id=5436]
  0x00000219d503a4f0 ConcurrentGCThread "G1 Service" [stack: 0x00000087af500000,0x00000087af600000] [id=14828]

Threads with active compile tasks:
C2 CompilerThread0    20958 6056   !   4       java.awt.Component::reshape (312 bytes)

VM state: not at safepoint (normal execution)

VM Mutex/Monitor currently owned by a thread: None

Heap address: 0x0000000085a00000, size: 1958 MB, Compressed Oops mode: 32-bit

CDS archive(s) mapped at: [0x0000000800000000-0x0000000800bc0000-0x0000000800bc0000), size 12320768, SharedBaseAddress: 0x0000000800000000, ArchiveRelocationMode: 0.
Compressed class space mapped at: 0x0000000800c00000-0x0000000840c00000, reserved size: 1073741824
Narrow klass base: 0x0000000800000000, Narrow klass shift: 0, Narrow klass range: 0x100000000

GC Precious Log:
 CPUs: 12 total, 12 available
 Memory: 7824M
 Large Page Support: Disabled
 NUMA Support: Disabled
 Compressed Oops: Enabled (32-bit)
 Heap Region Size: 1M
 Heap Min Capacity: 8M
 Heap Initial Capacity: 124M
 Heap Max Capacity: 1958M
 Pre-touch: Disabled
 Parallel Workers: 10
 Concurrent Workers: 3
 Concurrent Refinement Workers: 10
 Periodic GC: Disabled

Heap:
 garbage-first heap   total 118784K, used 49680K [0x0000000085a00000, 0x0000000100000000)
  region size 1024K, 7 young (7168K), 1 survivors (1024K)
 Metaspace       used 32609K, committed 32832K, reserved 1081344K
  class space    used 3843K, committed 3968K, reserved 1048576K

Heap Regions: E=young(eden), S=young(survivor), O=old, HS=humongous(starts), HC=humongous(continues), CS=collection set, F=free, OA=open archive, CA=closed archive, TAMS=top-at-mark-start (previous, next)
|   0|0x0000000085a00000, 0x0000000085b00000, 0x0000000085b00000|100%| O|  |TAMS 0x0000000085b00000, 0x0000000085b00000| Untracked 
|   1|0x0000000085b00000, 0x0000000085c00000, 0x0000000085c00000|100%| O|  |TAMS 0x0000000085c00000, 0x0000000085c00000| Untracked 
|   2|0x0000000085c00000, 0x0000000085d00000, 0x0000000085d00000|100%| O|  |TAMS 0x0000000085d00000, 0x0000000085d00000| Untracked 
|   3|0x0000000085d00000, 0x0000000085e00000, 0x0000000085e00000|100%| O|  |TAMS 0x0000000085e00000, 0x0000000085e00000| Untracked 
|   4|0x0000000085e00000, 0x0000000085e00000, 0x0000000085f00000|  0%| F|  |TAMS 0x0000000085e00000, 0x0000000085e00000| Untracked 
|   5|0x0000000085f00000, 0x0000000085f00000, 0x0000000086000000|  0%| F|  |TAMS 0x0000000085f00000, 0x0000000085f00000| Untracked 
|   6|0x0000000086000000, 0x0000000086000000, 0x0000000086100000|  0%| F|  |TAMS 0x0000000086000000, 0x0000000086000000| Untracked 
|   7|0x0000000086100000, 0x0000000086100000, 0x0000000086200000|  0%| F|  |TAMS 0x0000000086100000, 0x0000000086100000| Untracked 
|   8|0x0000000086200000, 0x0000000086300000, 0x0000000086300000|100%| O|  |TAMS 0x0000000086300000, 0x0000000086300000| Untracked 
|   9|0x0000000086300000, 0x0000000086400000, 0x0000000086400000|100%| O|  |TAMS 0x0000000086400000, 0x0000000086400000| Untracked 
|  10|0x0000000086400000, 0x0000000086500000, 0x0000000086500000|100%| O|  |TAMS 0x0000000086500000, 0x0000000086500000| Untracked 
|  11|0x0000000086500000, 0x0000000086600000, 0x0000000086600000|100%| O|  |TAMS 0x0000000086600000, 0x0000000086600000| Untracked 
|  12|0x0000000086600000, 0x0000000086700000, 0x0000000086700000|100%| O|  |TAMS 0x0000000086700000, 0x0000000086700000| Untracked 
|  13|0x0000000086700000, 0x0000000086800000, 0x0000000086800000|100%| O|  |TAMS 0x0000000086800000, 0x0000000086800000| Untracked 
|  14|0x0000000086800000, 0x0000000086900000, 0x0000000086900000|100%| O|  |TAMS 0x0000000086900000, 0x0000000086900000| Untracked 
|  15|0x0000000086900000, 0x0000000086a00000, 0x0000000086a00000|100%| O|  |TAMS 0x0000000086931a00, 0x0000000086a00000| Untracked 
|  16|0x0000000086a00000, 0x0000000086b00000, 0x0000000086b00000|100%| O|  |TAMS 0x0000000086a00000, 0x0000000086b00000| Untracked 
|  17|0x0000000086b00000, 0x0000000086c00000, 0x0000000086c00000|100%| O|  |TAMS 0x0000000086b00000, 0x0000000086c00000| Untracked 
|  18|0x0000000086c00000, 0x0000000086c0c000, 0x0000000086d00000|  4%| O|  |TAMS 0x0000000086c00000, 0x0000000086c0c000| Untracked 
|  19|0x0000000086d00000, 0x0000000086e00000, 0x0000000086e00000|100%| O|  |TAMS 0x0000000086e00000, 0x0000000086e00000| Untracked 
|  20|0x0000000086e00000, 0x0000000086f00000, 0x0000000086f00000|100%| O|  |TAMS 0x0000000086f00000, 0x0000000086f00000| Untracked 
|  21|0x0000000086f00000, 0x0000000087000000, 0x0000000087000000|100%| O|  |TAMS 0x0000000087000000, 0x0000000087000000| Untracked 
|  22|0x0000000087000000, 0x0000000087100000, 0x0000000087100000|100%|HS|  |TAMS 0x0000000087000000, 0x0000000087100000| Complete 
|  23|0x0000000087100000, 0x0000000087200000, 0x0000000087200000|100%|HC|  |TAMS 0x0000000087100000, 0x0000000087200000| Complete 
|  24|0x0000000087200000, 0x0000000087300000, 0x0000000087300000|100%|HC|  |TAMS 0x0000000087200000, 0x0000000087300000| Complete 
|  25|0x0000000087300000, 0x0000000087400000, 0x0000000087400000|100%|HC|  |TAMS 0x0000000087300000, 0x0000000087400000| Complete 
|  26|0x0000000087400000, 0x0000000087500000, 0x0000000087500000|100%|HC|  |TAMS 0x0000000087400000, 0x0000000087500000| Complete 
|  27|0x0000000087500000, 0x0000000087600000, 0x0000000087600000|100%|HC|  |TAMS 0x0000000087500000, 0x0000000087600000| Complete 
|  28|0x0000000087600000, 0x0000000087700000, 0x0000000087700000|100%|HC|  |TAMS 0x0000000087600000, 0x0000000087700000| Complete 
|  29|0x0000000087700000, 0x0000000087800000, 0x0000000087800000|100%|HC|  |TAMS 0x0000000087700000, 0x0000000087800000| Complete 
|  30|0x0000000087800000, 0x0000000087900000, 0x0000000087900000|100%|HS|  |TAMS 0x0000000087800000, 0x0000000087800000| Complete 
|  31|0x0000000087900000, 0x0000000087a00000, 0x0000000087a00000|100%|HC|  |TAMS 0x0000000087900000, 0x0000000087900000| Complete 
|  32|0x0000000087a00000, 0x0000000087b00000, 0x0000000087b00000|100%|HC|  |TAMS 0x0000000087a00000, 0x0000000087a00000| Complete 
|  33|0x0000000087b00000, 0x0000000087c00000, 0x0000000087c00000|100%|HC|  |TAMS 0x0000000087b00000, 0x0000000087b00000| Complete 
|  34|0x0000000087c00000, 0x0000000087d00000, 0x0000000087d00000|100%|HC|  |TAMS 0x0000000087c00000, 0x0000000087c00000| Complete 
|  35|0x0000000087d00000, 0x0000000087e00000, 0x0000000087e00000|100%|HC|  |TAMS 0x0000000087d00000, 0x0000000087d00000| Complete 
|  36|0x0000000087e00000, 0x0000000087f00000, 0x0000000087f00000|100%|HC|  |TAMS 0x0000000087e00000, 0x0000000087e00000| Complete 
|  37|0x0000000087f00000, 0x0000000088000000, 0x0000000088000000|100%|HC|  |TAMS 0x0000000087f00000, 0x0000000087f00000| Complete 
|  38|0x0000000088000000, 0x0000000088000000, 0x0000000088100000|  0%| F|  |TAMS 0x0000000088000000, 0x0000000088000000| Untracked 
|  39|0x0000000088100000, 0x0000000088100000, 0x0000000088200000|  0%| F|  |TAMS 0x0000000088100000, 0x0000000088100000| Untracked 
|  40|0x0000000088200000, 0x0000000088200000, 0x0000000088300000|  0%| F|  |TAMS 0x0000000088200000, 0x0000000088200000| Untracked 
|  41|0x0000000088300000, 0x0000000088300000, 0x0000000088400000|  0%| F|  |TAMS 0x0000000088300000, 0x0000000088300000| Untracked 
|  42|0x0000000088400000, 0x0000000088400000, 0x0000000088500000|  0%| F|  |TAMS 0x0000000088400000, 0x0000000088400000| Untracked 
|  43|0x0000000088500000, 0x0000000088500000, 0x0000000088600000|  0%| F|  |TAMS 0x0000000088500000, 0x0000000088500000| Untracked 
|  44|0x0000000088600000, 0x0000000088600000, 0x0000000088700000|  0%| F|  |TAMS 0x0000000088600000, 0x0000000088600000| Untracked 
|  45|0x0000000088700000, 0x0000000088700000, 0x0000000088800000|  0%| F|  |TAMS 0x0000000088700000, 0x0000000088700000| Untracked 
|  46|0x0000000088800000, 0x0000000088800000, 0x0000000088900000|  0%| F|  |TAMS 0x0000000088800000, 0x0000000088800000| Untracked 
|  47|0x0000000088900000, 0x0000000088900000, 0x0000000088a00000|  0%| F|  |TAMS 0x0000000088900000, 0x0000000088900000| Untracked 
|  48|0x0000000088a00000, 0x0000000088a00000, 0x0000000088b00000|  0%| F|  |TAMS 0x0000000088a00000, 0x0000000088a00000| Untracked 
|  49|0x0000000088b00000, 0x0000000088b00000, 0x0000000088c00000|  0%| F|  |TAMS 0x0000000088b00000, 0x0000000088b00000| Untracked 
|  50|0x0000000088c00000, 0x0000000088c782b8, 0x0000000088d00000| 46%| S|CS|TAMS 0x0000000088c00000, 0x0000000088c00000| Complete 
|  51|0x0000000088d00000, 0x0000000088d00000, 0x0000000088e00000|  0%| F|  |TAMS 0x0000000088d00000, 0x0000000088d00000| Untracked 
|  52|0x0000000088e00000, 0x0000000088e00000, 0x0000000088f00000|  0%| F|  |TAMS 0x0000000088e00000, 0x0000000088e00000| Untracked 
|  53|0x0000000088f00000, 0x0000000088f00000, 0x0000000089000000|  0%| F|  |TAMS 0x0000000088f00000, 0x0000000088f00000| Untracked 
|  54|0x0000000089000000, 0x0000000089000000, 0x0000000089100000|  0%| F|  |TAMS 0x0000000089000000, 0x0000000089000000| Untracked 
|  55|0x0000000089100000, 0x0000000089100000, 0x0000000089200000|  0%| F|  |TAMS 0x0000000089100000, 0x0000000089100000| Untracked 
|  56|0x0000000089200000, 0x0000000089200000, 0x0000000089300000|  0%| F|  |TAMS 0x0000000089200000, 0x0000000089200000| Untracked 
|  57|0x0000000089300000, 0x0000000089300000, 0x0000000089400000|  0%| F|  |TAMS 0x0000000089300000, 0x0000000089300000| Untracked 
|  58|0x0000000089400000, 0x0000000089400000, 0x0000000089500000|  0%| F|  |TAMS 0x0000000089400000, 0x0000000089400000| Untracked 
|  59|0x0000000089500000, 0x0000000089500000, 0x0000000089600000|  0%| F|  |TAMS 0x0000000089500000, 0x0000000089500000| Untracked 
|  60|0x0000000089600000, 0x0000000089600000, 0x0000000089700000|  0%| F|  |TAMS 0x0000000089600000, 0x0000000089600000| Untracked 
|  61|0x0000000089700000, 0x0000000089700000, 0x0000000089800000|  0%| F|  |TAMS 0x0000000089700000, 0x0000000089700000| Untracked 
|  62|0x0000000089800000, 0x0000000089900000, 0x0000000089900000|100%|HS|  |TAMS 0x0000000089900000, 0x0000000089900000| Complete 
|  63|0x0000000089900000, 0x0000000089a00000, 0x0000000089a00000|100%|HC|  |TAMS 0x0000000089a00000, 0x0000000089a00000| Complete 
|  64|0x0000000089a00000, 0x0000000089b00000, 0x0000000089b00000|100%|HC|  |TAMS 0x0000000089b00000, 0x0000000089b00000| Complete 
|  65|0x0000000089b00000, 0x0000000089c00000, 0x0000000089c00000|100%|HC|  |TAMS 0x0000000089c00000, 0x0000000089c00000| Complete 
|  66|0x0000000089c00000, 0x0000000089d00000, 0x0000000089d00000|100%|HC|  |TAMS 0x0000000089d00000, 0x0000000089d00000| Complete 
|  67|0x0000000089d00000, 0x0000000089e00000, 0x0000000089e00000|100%|HC|  |TAMS 0x0000000089e00000, 0x0000000089e00000| Complete 
|  68|0x0000000089e00000, 0x0000000089f00000, 0x0000000089f00000|100%|HC|  |TAMS 0x0000000089f00000, 0x0000000089f00000| Complete 
|  69|0x0000000089f00000, 0x000000008a000000, 0x000000008a000000|100%|HC|  |TAMS 0x000000008a000000, 0x000000008a000000| Complete 
|  70|0x000000008a000000, 0x000000008a000000, 0x000000008a100000|  0%| F|  |TAMS 0x000000008a000000, 0x000000008a000000| Untracked 
|  71|0x000000008a100000, 0x000000008a100000, 0x000000008a200000|  0%| F|  |TAMS 0x000000008a100000, 0x000000008a100000| Untracked 
|  72|0x000000008a200000, 0x000000008a200000, 0x000000008a300000|  0%| F|  |TAMS 0x000000008a200000, 0x000000008a200000| Untracked 
|  73|0x000000008a300000, 0x000000008a300000, 0x000000008a400000|  0%| F|  |TAMS 0x000000008a300000, 0x000000008a300000| Untracked 
|  74|0x000000008a400000, 0x000000008a400000, 0x000000008a500000|  0%| F|  |TAMS 0x000000008a400000, 0x000000008a400000| Untracked 
|  75|0x000000008a500000, 0x000000008a500000, 0x000000008a600000|  0%| F|  |TAMS 0x000000008a500000, 0x000000008a500000| Untracked 
|  76|0x000000008a600000, 0x000000008a600000, 0x000000008a700000|  0%| F|  |TAMS 0x000000008a600000, 0x000000008a600000| Untracked 
|  77|0x000000008a700000, 0x000000008a700000, 0x000000008a800000|  0%| F|  |TAMS 0x000000008a700000, 0x000000008a700000| Untracked 
|  78|0x000000008a800000, 0x000000008a800000, 0x000000008a900000|  0%| F|  |TAMS 0x000000008a800000, 0x000000008a800000| Untracked 
|  79|0x000000008a900000, 0x000000008a900000, 0x000000008aa00000|  0%| F|  |TAMS 0x000000008a900000, 0x000000008a900000| Untracked 
|  80|0x000000008aa00000, 0x000000008aa00000, 0x000000008ab00000|  0%| F|  |TAMS 0x000000008aa00000, 0x000000008aa00000| Untracked 
|  81|0x000000008ab00000, 0x000000008ab00000, 0x000000008ac00000|  0%| F|  |TAMS 0x000000008ab00000, 0x000000008ab00000| Untracked 
|  82|0x000000008ac00000, 0x000000008ac00000, 0x000000008ad00000|  0%| F|  |TAMS 0x000000008ac00000, 0x000000008ac00000| Untracked 
|  83|0x000000008ad00000, 0x000000008ad00000, 0x000000008ae00000|  0%| F|  |TAMS 0x000000008ad00000, 0x000000008ad00000| Untracked 
|  84|0x000000008ae00000, 0x000000008ae00000, 0x000000008af00000|  0%| F|  |TAMS 0x000000008ae00000, 0x000000008ae00000| Untracked 
|  85|0x000000008af00000, 0x000000008af00000, 0x000000008b000000|  0%| F|  |TAMS 0x000000008af00000, 0x000000008af00000| Untracked 
|  86|0x000000008b000000, 0x000000008b000000, 0x000000008b100000|  0%| F|  |TAMS 0x000000008b000000, 0x000000008b000000| Untracked 
|  87|0x000000008b100000, 0x000000008b100000, 0x000000008b200000|  0%| F|  |TAMS 0x000000008b100000, 0x000000008b100000| Untracked 
|  88|0x000000008b200000, 0x000000008b200000, 0x000000008b300000|  0%| F|  |TAMS 0x000000008b200000, 0x000000008b200000| Untracked 
|  89|0x000000008b300000, 0x000000008b300000, 0x000000008b400000|  0%| F|  |TAMS 0x000000008b300000, 0x000000008b300000| Untracked 
|  90|0x000000008b400000, 0x000000008b400000, 0x000000008b500000|  0%| F|  |TAMS 0x000000008b400000, 0x000000008b400000| Untracked 
|  91|0x000000008b500000, 0x000000008b500000, 0x000000008b600000|  0%| F|  |TAMS 0x000000008b500000, 0x000000008b500000| Untracked 
|  92|0x000000008b600000, 0x000000008b600000, 0x000000008b700000|  0%| F|  |TAMS 0x000000008b600000, 0x000000008b600000| Untracked 
|  93|0x000000008b700000, 0x000000008b700000, 0x000000008b800000|  0%| F|  |TAMS 0x000000008b700000, 0x000000008b700000| Untracked 
|  94|0x000000008b800000, 0x000000008b800000, 0x000000008b900000|  0%| F|  |TAMS 0x000000008b800000, 0x000000008b800000| Untracked 
|  95|0x000000008b900000, 0x000000008b900000, 0x000000008ba00000|  0%| F|  |TAMS 0x000000008b900000, 0x000000008b900000| Untracked 
|  96|0x000000008ba00000, 0x000000008ba00000, 0x000000008bb00000|  0%| F|  |TAMS 0x000000008ba00000, 0x000000008ba00000| Untracked 
|  97|0x000000008bb00000, 0x000000008bb00000, 0x000000008bc00000|  0%| F|  |TAMS 0x000000008bb00000, 0x000000008bb00000| Untracked 
|  98|0x000000008bc00000, 0x000000008bc00000, 0x000000008bd00000|  0%| F|  |TAMS 0x000000008bc00000, 0x000000008bc00000| Untracked 
|  99|0x000000008bd00000, 0x000000008bd00000, 0x000000008be00000|  0%| F|  |TAMS 0x000000008bd00000, 0x000000008bd00000| Untracked 
| 100|0x000000008be00000, 0x000000008be00000, 0x000000008bf00000|  0%| F|  |TAMS 0x000000008be00000, 0x000000008be00000| Untracked 
| 101|0x000000008bf00000, 0x000000008bf00000, 0x000000008c000000|  0%| F|  |TAMS 0x000000008bf00000, 0x000000008bf00000| Untracked 
| 102|0x000000008c000000, 0x000000008c000000, 0x000000008c100000|  0%| F|  |TAMS 0x000000008c000000, 0x000000008c000000| Untracked 
| 103|0x000000008c100000, 0x000000008c100000, 0x000000008c200000|  0%| F|  |TAMS 0x000000008c100000, 0x000000008c100000| Untracked 
| 104|0x000000008c200000, 0x000000008c200000, 0x000000008c300000|  0%| F|  |TAMS 0x000000008c200000, 0x000000008c200000| Untracked 
| 105|0x000000008c300000, 0x000000008c300000, 0x000000008c400000|  0%| F|  |TAMS 0x000000008c300000, 0x000000008c300000| Untracked 
| 106|0x000000008c400000, 0x000000008c400000, 0x000000008c500000|  0%| F|  |TAMS 0x000000008c400000, 0x000000008c400000| Untracked 
| 107|0x000000008c500000, 0x000000008c500000, 0x000000008c600000|  0%| F|  |TAMS 0x000000008c500000, 0x000000008c500000| Untracked 
| 108|0x000000008c600000, 0x000000008c600800, 0x000000008c700000|  0%| E|  |TAMS 0x000000008c600000, 0x000000008c600000| Complete 
| 109|0x000000008c700000, 0x000000008c800000, 0x000000008c800000|100%| E|CS|TAMS 0x000000008c700000, 0x000000008c700000| Complete 
| 110|0x000000008c800000, 0x000000008c900000, 0x000000008c900000|100%| E|CS|TAMS 0x000000008c800000, 0x000000008c800000| Complete 
| 111|0x000000008c900000, 0x000000008ca00000, 0x000000008ca00000|100%| E|CS|TAMS 0x000000008c900000, 0x000000008c900000| Complete 
| 112|0x000000008ca00000, 0x000000008cb00000, 0x000000008cb00000|100%| E|CS|TAMS 0x000000008ca00000, 0x000000008ca00000| Complete 
| 123|0x000000008d500000, 0x000000008d600000, 0x000000008d600000|100%| E|CS|TAMS 0x000000008d500000, 0x000000008d500000| Complete 
|1956|0x00000000ffe00000, 0x00000000fff00000, 0x00000000fff00000|100%| O|  |TAMS 0x00000000fff00000, 0x00000000fff00000| Untracked 
|1957|0x00000000fff00000, 0x0000000100000000, 0x0000000100000000|100%| O|  |TAMS 0x0000000100000000, 0x0000000100000000| Untracked 

Card table byte_map: [0x00000219cdfd0000,0x00000219ce3b0000] _byte_map_base: 0x00000219cdba3000

Marking Bits (Prev, Next): (CMBitMap*) 0x00000219b4d28a80, (CMBitMap*) 0x00000219b4d28ac0
 Prev Bits: [0x00000219ce790000, 0x00000219d0628000)
 Next Bits: [0x00000219d0630000, 0x00000219d24c8000)

Polling page: 0x00000219b4b80000

Metaspace:

Usage:
  Non-class:     28.09 MB used.
      Class:      3.75 MB used.
       Both:     31.85 MB used.

Virtual space:
  Non-class space:       32.00 MB reserved,      28.19 MB ( 88%) committed,  4 nodes.
      Class space:        1.00 GB reserved,       3.88 MB ( <1%) committed,  1 nodes.
             Both:        1.03 GB reserved,      32.06 MB (  3%) committed. 

Chunk freelists:
   Non-Class:  3.00 MB
       Class:  66.00 KB
        Both:  3.06 MB

MaxMetaspaceSize: unlimited
CompressedClassSpaceSize: 1.00 GB
Initial GC threshold: 21.00 MB
Current GC threshold: 53.12 MB
CDS: on
MetaspaceReclaimPolicy: balanced
 - commit_granule_bytes: 65536.
 - commit_granule_words: 8192.
 - virtual_space_node_default_size: 1048576.
 - enlarge_chunks_in_place: 1.
 - new_chunks_are_fully_committed: 0.
 - uncommit_free_chunks: 1.
 - use_allocation_guard: 0.
 - handle_deallocations: 1.


Internal statistics:

num_allocs_failed_limit: 3.
num_arena_births: 234.
num_arena_deaths: 0.
num_vsnodes_births: 5.
num_vsnodes_deaths: 0.
num_space_committed: 513.
num_space_uncommitted: 0.
num_chunks_returned_to_freelist: 3.
num_chunks_taken_from_freelist: 1004.
num_chunk_merges: 0.
num_chunk_splits: 674.
num_chunks_enlarged: 508.
num_purges: 0.
num_inconsistent_stats: 0.

CodeHeap 'non-profiled nmethods': size=120000Kb used=2287Kb max_used=2909Kb free=117712Kb
 bounds [0x00000219c5a40000, 0x00000219c5d20000, 0x00000219ccf70000]
CodeHeap 'profiled nmethods': size=120000Kb used=10679Kb max_used=12894Kb free=109320Kb
 bounds [0x00000219be510000, 0x00000219bf1b0000, 0x00000219c5a40000]
CodeHeap 'non-nmethods': size=5760Kb used=1393Kb max_used=1432Kb free=4367Kb
 bounds [0x00000219bdf70000, 0x00000219be1e0000, 0x00000219be510000]
 total_blobs=6016 nmethods=5264 adapters=664
 compilation: enabled
              stopped_count=0, restarted_count=0
 full_count=0

Compilation events (20 events):
Event: 20.889 Thread 0x00000219d51a3ee0 nmethod 6108 0x00000219be560e90 code [0x00000219be561080, 0x00000219be561618]
Event: 20.889 Thread 0x00000219d51a3ee0 6109   !   3       sun.java2d.SunGraphics2D::drawImage (150 bytes)
Event: 20.890 Thread 0x00000219d51a3ee0 nmethod 6109 0x00000219be83d590 code [0x00000219be83d800, 0x00000219be83e3b8]
Event: 20.890 Thread 0x00000219d51a3ee0 6110       3       javax.swing.plaf.synth.SynthPanelUI::getContext (11 bytes)
Event: 20.891 Thread 0x00000219d51a3ee0 nmethod 6110 0x00000219be5afe10 code [0x00000219be5b0080, 0x00000219be5b0c28]
Event: 20.891 Thread 0x00000219d51a3ee0 6111       3       javax.swing.plaf.synth.SynthPanelUI::getComponentState (5 bytes)
Event: 20.891 Thread 0x00000219d51a3ee0 nmethod 6111 0x00000219be692990 code [0x00000219be692ba0, 0x00000219be693288]
Event: 20.891 Thread 0x00000219d6cebde0 nmethod 6074 0x00000219c5ab9f90 code [0x00000219c5aba140, 0x00000219c5aba918]
Event: 20.891 Thread 0x00000219d6cebde0 6069       4       sun.java2d.loops.GraphicsPrimitive::getPrimTypeID (8 bytes)
Event: 20.892 Thread 0x00000219d6cebde0 nmethod 6069 0x00000219c5a4ed10 code [0x00000219c5a4ee80, 0x00000219c5a4eef8]
Event: 20.892 Thread 0x00000219d6cebde0 6084       4       java.awt.Component::getFont_NoClientCode (29 bytes)
Event: 20.893 Thread 0x00000219d6cebde0 nmethod 6084 0x00000219c5a4f710 code [0x00000219c5a4f8a0, 0x00000219c5a4f968]
Event: 20.893 Thread 0x00000219d6cebde0 6095       4       sun.java2d.marlin.Curve::set (153 bytes)
Event: 20.893 Thread 0x00000219d6cebde0 nmethod 6095 0x00000219c5a46390 code [0x00000219c5a46540, 0x00000219c5a46658]
Event: 20.893 Thread 0x00000219d6cebde0 6070       4       javax.swing.plaf.basic.BasicTextUI$RootView::getContainer (8 bytes)
Event: 20.894 Thread 0x00000219d6cebde0 nmethod 6070 0x00000219c5a8a790 code [0x00000219c5a8a900, 0x00000219c5a8a998]
Event: 20.894 Thread 0x00000219d51a3ee0 6112       3       javax.swing.JViewport::getViewSize (36 bytes)
Event: 20.895 Thread 0x00000219d51a3ee0 nmethod 6112 0x00000219be59e410 code [0x00000219be59e680, 0x00000219be59f568]
Event: 20.895 Thread 0x00000219d51a3ee0 6113       3       javax.swing.JViewport$ViewListener::componentResized (15 bytes)
Event: 20.895 Thread 0x00000219d51a3ee0 nmethod 6113 0x00000219be54e410 code [0x00000219be54e5c0, 0x00000219be54e7f8]

GC Heap History (16 events):
Event: 3.465 GC heap before
{Heap before GC invocations=0 (full 0):
 garbage-first heap   total 126976K, used 22528K [0x0000000085a00000, 0x0000000100000000)
  region size 1024K, 23 young (23552K), 0 survivors (0K)
 Metaspace       used 5552K, committed 5760K, reserved 1056768K
  class space    used 664K, committed 768K, reserved 1048576K
}
Event: 3.470 GC heap after
{Heap after GC invocations=1 (full 0):
 garbage-first heap   total 126976K, used 3836K [0x0000000085a00000, 0x0000000100000000)
  region size 1024K, 3 young (3072K), 3 survivors (3072K)
 Metaspace       used 5552K, committed 5760K, reserved 1056768K
  class space    used 664K, committed 768K, reserved 1048576K
}
Event: 3.808 GC heap before
{Heap before GC invocations=1 (full 0):
 garbage-first heap   total 126976K, used 35580K [0x0000000085a00000, 0x0000000100000000)
  region size 1024K, 34 young (34816K), 3 survivors (3072K)
 Metaspace       used 10227K, committed 10368K, reserved 1064960K
  class space    used 1244K, committed 1344K, reserved 1048576K
}
Event: 3.815 GC heap after
{Heap after GC invocations=2 (full 0):
 garbage-first heap   total 126976K, used 5711K [0x0000000085a00000, 0x0000000100000000)
  region size 1024K, 2 young (2048K), 2 survivors (2048K)
 Metaspace       used 10227K, committed 10368K, reserved 1064960K
  class space    used 1244K, committed 1344K, reserved 1048576K
}
Event: 5.281 GC heap before
{Heap before GC invocations=2 (full 0):
 garbage-first heap   total 126976K, used 56911K [0x0000000085a00000, 0x0000000100000000)
  region size 1024K, 53 young (54272K), 2 survivors (2048K)
 Metaspace       used 21205K, committed 21504K, reserved 1073152K
  class space    used 2565K, committed 2688K, reserved 1048576K
}
Event: 5.286 GC heap after
{Heap after GC invocations=3 (full 0):
 garbage-first heap   total 126976K, used 12391K [0x0000000085a00000, 0x0000000100000000)
  region size 1024K, 9 young (9216K), 9 survivors (9216K)
 Metaspace       used 21205K, committed 21504K, reserved 1073152K
  class space    used 2565K, committed 2688K, reserved 1048576K
}
Event: 11.603 GC heap before
{Heap before GC invocations=4 (full 0):
 garbage-first heap   total 48128K, used 34919K [0x0000000085a00000, 0x0000000100000000)
  region size 1024K, 28 young (28672K), 9 survivors (9216K)
 Metaspace       used 26386K, committed 26624K, reserved 1073152K
  class space    used 3141K, committed 3264K, reserved 1048576K
}
Event: 11.609 GC heap after
{Heap after GC invocations=5 (full 0):
 garbage-first heap   total 50176K, used 19619K [0x0000000085a00000, 0x0000000100000000)
  region size 1024K, 4 young (4096K), 4 survivors (4096K)
 Metaspace       used 26386K, committed 26624K, reserved 1073152K
  class space    used 3141K, committed 3264K, reserved 1048576K
}
Event: 11.620 GC heap before
{Heap before GC invocations=5 (full 0):
 garbage-first heap   total 50176K, used 20643K [0x0000000085a00000, 0x0000000100000000)
  region size 1024K, 5 young (5120K), 4 survivors (4096K)
 Metaspace       used 26724K, committed 26944K, reserved 1073152K
  class space    used 3171K, committed 3264K, reserved 1048576K
}
Event: 11.624 GC heap after
{Heap after GC invocations=6 (full 0):
 garbage-first heap   total 50176K, used 19988K [0x0000000085a00000, 0x0000000100000000)
  region size 1024K, 1 young (1024K), 1 survivors (1024K)
 Metaspace       used 26724K, committed 26944K, reserved 1073152K
  class space    used 3171K, committed 3264K, reserved 1048576K
}
Event: 13.139 GC heap before
{Heap before GC invocations=6 (full 0):
 garbage-first heap   total 50176K, used 35348K [0x0000000085a00000, 0x0000000100000000)
  region size 1024K, 17 young (17408K), 1 survivors (1024K)
 Metaspace       used 31867K, committed 32128K, reserved 1081344K
  class space    used 3835K, committed 3968K, reserved 1048576K
}
Event: 13.142 GC heap after
{Heap after GC invocations=7 (full 0):
 garbage-first heap   total 50176K, used 23750K [0x0000000085a00000, 0x0000000100000000)
  region size 1024K, 3 young (3072K), 3 survivors (3072K)
 Metaspace       used 31867K, committed 32128K, reserved 1081344K
  class space    used 3835K, committed 3968K, reserved 1048576K
}
Event: 18.229 GC heap before
{Heap before GC invocations=7 (full 0):
 garbage-first heap   total 50176K, used 36038K [0x0000000085a00000, 0x0000000100000000)
  region size 1024K, 8 young (8192K), 3 survivors (3072K)
 Metaspace       used 32338K, committed 32640K, reserved 1081344K
  class space    used 3841K, committed 3968K, reserved 1048576K
}
Event: 18.231 GC heap after
{Heap after GC invocations=8 (full 0):
 garbage-first heap   total 50176K, used 32404K [0x0000000085a00000, 0x0000000100000000)
  region size 1024K, 1 young (1024K), 1 survivors (1024K)
 Metaspace       used 32338K, committed 32640K, reserved 1081344K
  class space    used 3841K, committed 3968K, reserved 1048576K
}
Event: 19.389 GC heap before
{Heap before GC invocations=9 (full 0):
 garbage-first heap   total 65536K, used 38548K [0x0000000085a00000, 0x0000000100000000)
  region size 1024K, 4 young (4096K), 1 survivors (1024K)
 Metaspace       used 32376K, committed 32640K, reserved 1081344K
  class space    used 3841K, committed 3968K, reserved 1048576K
}
Event: 19.391 GC heap after
{Heap after GC invocations=10 (full 0):
 garbage-first heap   total 118784K, used 36368K [0x0000000085a00000, 0x0000000100000000)
  region size 1024K, 1 young (1024K), 1 survivors (1024K)
 Metaspace       used 32376K, committed 32640K, reserved 1081344K
  class space    used 3841K, committed 3968K, reserved 1048576K
}

Dll operation events (13 events):
Event: 0.085 Loaded shared library D:\FILE\RedHat\java-17-openjdk-17.0.5.0.8-2\bin\java.dll
Event: 0.112 Loaded shared library D:\FILE\RedHat\java-17-openjdk-17.0.5.0.8-2\bin\jsvml.dll
Event: 0.163 Loaded shared library D:\FILE\RedHat\java-17-openjdk-17.0.5.0.8-2\bin\net.dll
Event: 0.201 Loaded shared library D:\FILE\RedHat\java-17-openjdk-17.0.5.0.8-2\bin\nio.dll
Event: 0.252 Loaded shared library D:\FILE\RedHat\java-17-openjdk-17.0.5.0.8-2\bin\zip.dll
Event: 2.843 Loaded shared library D:\FILE\RedHat\java-17-openjdk-17.0.5.0.8-2\bin\jimage.dll
Event: 2.875 Loaded shared library D:\FILE\Maven_apache\apache-maven-3.9.6-bin\apache-maven-3.9.6\lib\jansi-native\Windows\x86_64\jansi.dll
Event: 2.904 Loaded shared library D:\FILE\RedHat\java-17-openjdk-17.0.5.0.8-2\bin\verify.dll
Event: 5.088 Loaded shared library D:\FILE\RedHat\java-17-openjdk-17.0.5.0.8-2\bin\awt.dll
Event: 5.197 Loaded shared library D:\FILE\RedHat\java-17-openjdk-17.0.5.0.8-2\bin\freetype.dll
Event: 5.233 Loaded shared library D:\FILE\RedHat\java-17-openjdk-17.0.5.0.8-2\bin\fontmanager.dll
Event: 5.306 Loaded shared library D:\FILE\RedHat\java-17-openjdk-17.0.5.0.8-2\bin\prefs.dll
Event: 11.697 Loaded shared library D:\FILE\RedHat\java-17-openjdk-17.0.5.0.8-2\bin\sunmscapi.dll

Deoptimization events (20 events):
Event: 15.113 Thread 0x00000219d6814f60 DEOPT PACKING pc=0x00000219bed6690d sp=0x00000087b19fc2d0
Event: 15.113 Thread 0x00000219d6814f60 DEOPT UNPACKING pc=0x00000219bdfc2b43 sp=0x00000087b19fb720 mode 0
Event: 15.135 Thread 0x00000219d6814f60 DEOPT PACKING pc=0x00000219beddf1c2 sp=0x00000087b19fda30
Event: 15.135 Thread 0x00000219d6814f60 DEOPT UNPACKING pc=0x00000219bdfc2b43 sp=0x00000087b19fcec0 mode 0
Event: 17.432 Thread 0x00000219d6814f60 DEOPT PACKING pc=0x00000219bf0b1bf3 sp=0x00000087b19fd4e0
Event: 17.432 Thread 0x00000219d6814f60 DEOPT UNPACKING pc=0x00000219bdfc2b43 sp=0x00000087b19fc8c0 mode 0
Event: 18.253 Thread 0x00000219d6814f60 Uncommon trap: trap_request=0xffffff45 fr.pc=0x00000219c5caa29c relative=0x000000000000045c
Event: 18.253 Thread 0x00000219d6814f60 Uncommon trap: reason=unstable_if action=reinterpret pc=0x00000219c5caa29c method=sun.java2d.marlin.MarlinCache.copyAARowNoRLE([IIII)V @ 222 c2
Event: 18.253 Thread 0x00000219d6814f60 DEOPT PACKING pc=0x00000219c5caa29c sp=0x00000087b19fbab0
Event: 18.253 Thread 0x00000219d6814f60 DEOPT UNPACKING pc=0x00000219bdfc23a3 sp=0x00000087b19fb9b8 mode 2
Event: 20.557 Thread 0x00000219d6814f60 Uncommon trap: trap_request=0xffffff45 fr.pc=0x00000219c5cf1094 relative=0x0000000000003494
Event: 20.557 Thread 0x00000219d6814f60 Uncommon trap: reason=unstable_if action=reinterpret pc=0x00000219c5cf1094 method=java.awt.EventQueue.getPriority(Ljava/awt/AWTEvent;)I @ 4 c2
Event: 20.557 Thread 0x00000219d6814f60 DEOPT PACKING pc=0x00000219c5cf1094 sp=0x00000087b19feb10
Event: 20.557 Thread 0x00000219d6814f60 DEOPT UNPACKING pc=0x00000219bdfc23a3 sp=0x00000087b19fe9c8 mode 2
Event: 20.786 Thread 0x00000219d6814f60 DEOPT PACKING pc=0x00000219bf0f495a sp=0x00000087b19fbf50
Event: 20.786 Thread 0x00000219d6814f60 DEOPT UNPACKING pc=0x00000219bdfc2b43 sp=0x00000087b19fb418 mode 0
Event: 20.866 Thread 0x00000219d6814f60 DEOPT PACKING pc=0x00000219bf0dea45 sp=0x00000087b19fbb20
Event: 20.866 Thread 0x00000219d6814f60 DEOPT UNPACKING pc=0x00000219bdfc2b43 sp=0x00000087b19faf60 mode 0
Event: 20.867 Thread 0x00000219d6814f60 DEOPT PACKING pc=0x00000219bf0f495a sp=0x00000087b19fbec0
Event: 20.867 Thread 0x00000219d6814f60 DEOPT UNPACKING pc=0x00000219bdfc2b43 sp=0x00000087b19fb388 mode 0

Classes unloaded (0 events):
No events

Classes redefined (0 events):
No events

Internal exceptions (20 events):
Event: 5.261 Thread 0x00000219d6b80940 Exception <a 'java/lang/ClassNotFoundException'{0x000000008a111088}: Tree> (0x000000008a111088) 
thrown [s\src\hotspot\share\classfile\systemDictionary.cpp, line 256]
Event: 5.261 Thread 0x00000219d6b80940 Exception <a 'java/lang/ClassNotFoundException'{0x000000008a1113f8}: javax/swing/JTreeCell> (0x000000008a1113f8) 
thrown [s\src\hotspot\share\classfile\systemDictionary.cpp, line 256]
Event: 5.261 Thread 0x00000219d6b80940 Exception <a 'java/lang/ClassNotFoundException'{0x000000008a1116f8}: TreeCell> (0x000000008a1116f8) 
thrown [s\src\hotspot\share\classfile\systemDictionary.cpp, line 256]
Event: 5.262 Thread 0x00000219d6b80940 Exception <a 'java/lang/ClassNotFoundException'{0x000000008a111eb8}: RootPane> (0x000000008a111eb8) 
thrown [s\src\hotspot\share\classfile\systemDictionary.cpp, line 256]
Event: 5.262 Thread 0x00000219d6b80940 Exception <a 'java/lang/ClassNotFoundException'{0x000000008a114d08}: com/sun/swing/internal/plaf/metal/resources/spi/metalProvider> (0x000000008a114d08) 
thrown [s\src\hotspot\share\classfile\systemDictionary.cpp, line 256]
Event: 5.263 Thread 0x00000219d6b80940 Exception <a 'java/lang/ClassNotFoundException'{0x000000008a118ce8}: com/sun/swing/internal/plaf/basic/resources/spi/basicProvider> (0x000000008a118ce8) 
thrown [s\src\hotspot\share\classfile\systemDictionary.cpp, line 256]
Event: 5.275 Thread 0x00000219d6b80940 Exception <a 'java/lang/ClassNotFoundException'{0x000000008a17a540}: com/sun/swing/internal/plaf/synth/resources/spi/synthProvider> (0x000000008a17a540) 
thrown [s\src\hotspot\share\classfile\systemDictionary.cpp, line 256]
Event: 5.280 Thread 0x00000219d6b80940 Implicit null exception at 0x00000219c5bc3a4f to 0x00000219c5bc3fd4
Event: 5.280 Thread 0x00000219d6b80940 Implicit null exception at 0x00000219c5bc298c to 0x00000219c5bc29bc
Event: 5.342 Thread 0x00000219d6814a90 Implicit null exception at 0x00000219c5a63df2 to 0x00000219c5a643c4
Event: 5.342 Thread 0x00000219d6814a90 Implicit null exception at 0x00000219c5a792f2 to 0x00000219c5a798d4
Event: 5.344 Thread 0x00000219d6814a90 Exception <a 'java/lang/NoSuchMethodError'{0x0000000087e0ce68}: 'java.lang.Object java.lang.invoke.DirectMethodHandle$Holder.newInvokeSpecial(java.lang.Object, java.lang.Object, java.lang.Object, int, int, int, int, int)'> (0x0000000087e0ce68) 
thrown [s\src\hotspot\share\interpreter\linkResolver.cpp, line 759]
Event: 7.279 Thread 0x00000219d6b80940 Exception <a 'java/lang/NoSuchMethodError'{0x00000000873f04a8}: 'void java.lang.invoke.DirectMethodHandle$Holder.invokeStaticInit(java.lang.Object)'> (0x00000000873f04a8) 
thrown [s\src\hotspot\share\interpreter\linkResolver.cpp, line 759]
Event: 11.803 Thread 0x00000219d6814f60 Exception <a 'java/lang/NoSuchMethodError'{0x0000000089ce8cd0}: 'int java.lang.invoke.DirectMethodHandle$Holder.invokeStatic(java.lang.Object)'> (0x0000000089ce8cd0) 
thrown [s\src\hotspot\share\interpreter\linkResolver.cpp, line 759]
Event: 12.677 Thread 0x00000219d6814f60 Implicit null exception at 0x00000219c5c40f5a to 0x00000219c5c412b0
Event: 15.091 Thread 0x00000219d6814f60 Implicit null exception at 0x00000219c5cacb5d to 0x00000219c5cad08c
Event: 15.091 Thread 0x00000219d6814f60 Implicit null exception at 0x00000219c5c995a9 to 0x00000219c5c99c0a
Event: 15.091 Thread 0x00000219d6814f60 Implicit null exception at 0x00000219c5cacb5d to 0x00000219c5cad08c
Event: 15.091 Thread 0x00000219d6814f60 Implicit null exception at 0x00000219c5c995a9 to 0x00000219c5c99c0a
Event: 15.091 Thread 0x00000219d6814f60 Implicit null exception at 0x00000219c5cacb5d to 0x00000219c5cad08c

VM Operations (20 events):
Event: 18.171 Executing VM operation: Cleanup
Event: 18.171 Executing VM operation: Cleanup done
Event: 18.229 Executing VM operation: G1TryInitiateConcMark
Event: 18.231 Executing VM operation: G1TryInitiateConcMark done
Event: 18.239 Executing VM operation: G1Concurrent
Event: 18.243 Executing VM operation: G1Concurrent done
Event: 18.247 Executing VM operation: G1Concurrent
Event: 18.248 Executing VM operation: G1Concurrent done
Event: 19.253 Executing VM operation: Cleanup
Event: 19.253 Executing VM operation: Cleanup done
Event: 19.389 Executing VM operation: G1TryInitiateConcMark
Event: 19.391 Executing VM operation: G1TryInitiateConcMark done
Event: 20.402 Executing VM operation: Cleanup
Event: 20.402 Executing VM operation: Cleanup done
Event: 20.815 Executing VM operation: HandshakeAllThreads
Event: 20.815 Executing VM operation: HandshakeAllThreads done
Event: 20.851 Executing VM operation: HandshakeAllThreads
Event: 20.851 Executing VM operation: HandshakeAllThreads done
Event: 20.881 Executing VM operation: HandshakeAllThreads
Event: 20.881 Executing VM operation: HandshakeAllThreads done

Events (20 events):
Event: 20.889 Thread 0x00000219d51a57f0 flushing nmethod 0x00000219befaf610
Event: 20.889 Thread 0x00000219d51a57f0 flushing nmethod 0x00000219befb2310
Event: 20.889 Thread 0x00000219d51a57f0 flushing nmethod 0x00000219befb3990
Event: 20.889 Thread 0x00000219d51a57f0 flushing nmethod 0x00000219befdda10
Event: 20.889 Thread 0x00000219d51a57f0 flushing nmethod 0x00000219befdfc10
Event: 20.889 Thread 0x00000219d51a57f0 flushing nmethod 0x00000219beffc410
Event: 20.890 Thread 0x00000219d51a57f0 flushing nmethod 0x00000219bf01bc90
Event: 20.890 Thread 0x00000219d51a57f0 flushing nmethod 0x00000219bf029a90
Event: 20.890 Thread 0x00000219d51a57f0 flushing nmethod 0x00000219bf042610
Event: 20.890 Thread 0x00000219d51a57f0 flushing nmethod 0x00000219bf042990
Event: 20.890 Thread 0x00000219d51a57f0 flushing nmethod 0x00000219bf052890
Event: 20.890 Thread 0x00000219d51a57f0 flushing nmethod 0x00000219bf054890
Event: 20.890 Thread 0x00000219d51a57f0 flushing nmethod 0x00000219bf056a90
Event: 20.890 Thread 0x00000219d51a57f0 flushing nmethod 0x00000219bf06c810
Event: 20.890 Thread 0x00000219d51a57f0 flushing nmethod 0x00000219bf08bb90
Event: 20.890 Thread 0x00000219d51a57f0 flushing nmethod 0x00000219bf094f90
Event: 20.890 Thread 0x00000219d51a57f0 flushing nmethod 0x00000219bf0ae190
Event: 20.890 Thread 0x00000219d51a57f0 flushing nmethod 0x00000219bf0c7690
Event: 20.890 Thread 0x00000219d51a57f0 flushing nmethod 0x00000219bf0d3e90
Event: 20.890 Thread 0x00000219d51a57f0 flushing nmethod 0x00000219bf109290


Dynamic libraries:
0x00007ff6a04f0000 - 0x00007ff6a0553000 	D:\FILE\RedHat\java-17-openjdk-17.0.5.0.8-2\bin\java.exe
0x00007fffa68b0000 - 0x00007fffa6ac7000 	C:\WINDOWS\SYSTEM32\ntdll.dll
0x00007fffa4fa0000 - 0x00007fffa5064000 	C:\WINDOWS\System32\KERNEL32.DLL
0x00007fffa4190000 - 0x00007fffa4536000 	C:\WINDOWS\System32\KERNELBASE.dll
0x00007fffa4070000 - 0x00007fffa4181000 	C:\WINDOWS\System32\ucrtbase.dll
0x00007fff9e8e0000 - 0x00007fff9e8f7000 	D:\FILE\RedHat\java-17-openjdk-17.0.5.0.8-2\bin\jli.dll
0x00007fffa48a0000 - 0x00007fffa4a4e000 	C:\WINDOWS\System32\USER32.dll
0x00007fffa3c60000 - 0x00007fffa3c86000 	C:\WINDOWS\System32\win32u.dll
0x00007fffa5800000 - 0x00007fffa5829000 	C:\WINDOWS\System32\GDI32.dll
0x00007fffa3d10000 - 0x00007fffa3e28000 	C:\WINDOWS\System32\gdi32full.dll
0x00007fffa3e60000 - 0x00007fffa3efa000 	C:\WINDOWS\System32\msvcp_win.dll
0x00007fff8a130000 - 0x00007fff8a3c3000 	C:\WINDOWS\WinSxS\amd64_microsoft.windows.common-controls_6595b64144ccf1df_6.0.22621.2506_none_270c5ae97388e100\COMCTL32.dll
0x00007fffa4710000 - 0x00007fffa47b7000 	C:\WINDOWS\System32\msvcrt.dll
0x00007fff9bef0000 - 0x00007fff9bf0b000 	D:\FILE\RedHat\java-17-openjdk-17.0.5.0.8-2\bin\VCRUNTIME140.dll
0x00007fffa46d0000 - 0x00007fffa4701000 	C:\WINDOWS\System32\IMM32.DLL
0x00007fff9bee0000 - 0x00007fff9beec000 	D:\FILE\RedHat\java-17-openjdk-17.0.5.0.8-2\bin\vcruntime140_1.dll
0x00007fff624b0000 - 0x00007fff6253d000 	D:\FILE\RedHat\java-17-openjdk-17.0.5.0.8-2\bin\msvcp140.dll
0x00007fff1c8c0000 - 0x00007fff1d51b000 	D:\FILE\RedHat\java-17-openjdk-17.0.5.0.8-2\bin\server\jvm.dll
0x00007fffa5c80000 - 0x00007fffa5d33000 	C:\WINDOWS\System32\ADVAPI32.dll
0x00007fffa65a0000 - 0x00007fffa6648000 	C:\WINDOWS\System32\sechost.dll
0x00007fffa3e30000 - 0x00007fffa3e58000 	C:\WINDOWS\System32\bcrypt.dll
0x00007fffa56d0000 - 0x00007fffa57e7000 	C:\WINDOWS\System32\RPCRT4.dll
0x00007fff978c0000 - 0x00007fff978ca000 	C:\WINDOWS\SYSTEM32\VERSION.dll
0x00007fff3bae0000 - 0x00007fff3bae9000 	C:\WINDOWS\SYSTEM32\WSOCK32.dll
0x00007fffa47c0000 - 0x00007fffa4831000 	C:\WINDOWS\System32\WS2_32.dll
0x00007fff9ad10000 - 0x00007fff9ad44000 	C:\WINDOWS\SYSTEM32\WINMM.dll
0x00007fffa2c00000 - 0x00007fffa2c18000 	C:\WINDOWS\SYSTEM32\kernel.appcore.dll
0x00007fff7e7f0000 - 0x00007fff7e7fa000 	D:\FILE\RedHat\java-17-openjdk-17.0.5.0.8-2\bin\jimage.dll
0x00007fffa1700000 - 0x00007fffa1933000 	C:\WINDOWS\SYSTEM32\DBGHELP.DLL
0x00007fffa4a50000 - 0x00007fffa4dd9000 	C:\WINDOWS\System32\combase.dll
0x00007fffa5a40000 - 0x00007fffa5b17000 	C:\WINDOWS\System32\OLEAUT32.dll
0x00007fff74ad0000 - 0x00007fff74b02000 	C:\WINDOWS\SYSTEM32\dbgcore.DLL
0x00007fffa3c90000 - 0x00007fffa3d0a000 	C:\WINDOWS\System32\bcryptPrimitives.dll
0x00007fff7cb90000 - 0x00007fff7cbb5000 	D:\FILE\RedHat\java-17-openjdk-17.0.5.0.8-2\bin\java.dll
0x00007fff623d0000 - 0x00007fff624a7000 	D:\FILE\RedHat\java-17-openjdk-17.0.5.0.8-2\bin\jsvml.dll
0x00007fffa5d40000 - 0x00007fffa659b000 	C:\WINDOWS\System32\SHELL32.dll
0x00007fffa1b00000 - 0x00007fffa23f6000 	C:\WINDOWS\SYSTEM32\windows.storage.dll
0x00007fffa19c0000 - 0x00007fffa1afe000 	C:\WINDOWS\SYSTEM32\wintypes.dll
0x00007fffa4e50000 - 0x00007fffa4f43000 	C:\WINDOWS\System32\SHCORE.dll
0x00007fffa4840000 - 0x00007fffa489e000 	C:\WINDOWS\System32\shlwapi.dll
0x00007fffa3b20000 - 0x00007fffa3b46000 	C:\WINDOWS\SYSTEM32\profapi.dll
0x00007fff7cb70000 - 0x00007fff7cb89000 	D:\FILE\RedHat\java-17-openjdk-17.0.5.0.8-2\bin\net.dll
0x00007fff9da30000 - 0x00007fff9db67000 	C:\WINDOWS\SYSTEM32\WINHTTP.dll
0x00007fffa30b0000 - 0x00007fffa3119000 	C:\WINDOWS\system32\mswsock.dll
0x00007fff77660000 - 0x00007fff77676000 	D:\FILE\RedHat\java-17-openjdk-17.0.5.0.8-2\bin\nio.dll
0x00007fff77640000 - 0x00007fff77658000 	D:\FILE\RedHat\java-17-openjdk-17.0.5.0.8-2\bin\zip.dll
0x0000000069ac0000 - 0x0000000069ae4000 	D:\FILE\Maven_apache\apache-maven-3.9.6-bin\apache-maven-3.9.6\lib\jansi-native\Windows\x86_64\jansi.dll
0x00007fff7e490000 - 0x00007fff7e4a0000 	D:\FILE\RedHat\java-17-openjdk-17.0.5.0.8-2\bin\verify.dll
0x00007fff1f380000 - 0x00007fff1f563000 	D:\FILE\RedHat\java-17-openjdk-17.0.5.0.8-2\bin\awt.dll
0x00007fffa06c0000 - 0x00007fffa0757000 	C:\WINDOWS\SYSTEM32\apphelp.dll
0x00007fffa0da0000 - 0x00007fffa0e4b000 	C:\WINDOWS\system32\uxtheme.dll
0x00007fffa5830000 - 0x00007fffa5981000 	C:\WINDOWS\System32\MSCTF.dll
0x00007fffa66d0000 - 0x00007fffa6870000 	C:\WINDOWS\System32\ole32.dll
0x00007fffa10f0000 - 0x00007fffa111b000 	C:\WINDOWS\system32\DWMAPI.DLL
0x00007fff1f210000 - 0x00007fff1f296000 	D:\FILE\RedHat\java-17-openjdk-17.0.5.0.8-2\bin\freetype.dll
0x00007fff1c7f0000 - 0x00007fff1c8b5000 	D:\FILE\RedHat\java-17-openjdk-17.0.5.0.8-2\bin\fontmanager.dll
0x00007fff1af50000 - 0x00007fff1b050000 	C:\WINDOWS\system32\opengl32.dll
0x00007fff63760000 - 0x00007fff6378d000 	C:\WINDOWS\SYSTEM32\GLU32.dll
0x00007fffa0eb0000 - 0x00007fffa0ee9000 	C:\WINDOWS\SYSTEM32\dxcore.dll
0x00007fff7c980000 - 0x00007fff7c989000 	D:\FILE\RedHat\java-17-openjdk-17.0.5.0.8-2\bin\prefs.dll
0x00007fffa4600000 - 0x00007fffa46b0000 	C:\WINDOWS\System32\clbcatq.dll
0x00007fff9eb50000 - 0x00007fff9ed00000 	C:\WINDOWS\SYSTEM32\WindowsCodecs.dll
0x00007fff727d0000 - 0x00007fff7282e000 	C:\WINDOWS\system32\dataexchange.dll
0x00007fff9ad50000 - 0x00007fff9afd7000 	C:\WINDOWS\system32\twinapi.appcore.dll
0x00007fff97dc0000 - 0x00007fff97f0a000 	C:\WINDOWS\SYSTEM32\textinputframework.dll
0x00007fffa0290000 - 0x00007fffa03c4000 	C:\WINDOWS\SYSTEM32\CoreMessaging.dll
0x00007fff9cce0000 - 0x00007fff9d04c000 	C:\WINDOWS\SYSTEM32\CoreUIComponents.dll
0x00007fffa3300000 - 0x00007fffa330c000 	C:\WINDOWS\SYSTEM32\CRYPTBASE.DLL
0x00007fffa2680000 - 0x00007fffa2779000 	C:\WINDOWS\SYSTEM32\DNSAPI.dll
0x00007fffa2650000 - 0x00007fffa267d000 	C:\WINDOWS\SYSTEM32\IPHLPAPI.DLL
0x00007fffa57f0000 - 0x00007fffa57f9000 	C:\WINDOWS\System32\NSI.dll
0x00007fff98570000 - 0x00007fff9857a000 	C:\Windows\System32\rasadhlp.dll
0x00007fff9b530000 - 0x00007fff9b5b3000 	C:\WINDOWS\System32\fwpuclnt.dll
0x00007fff79660000 - 0x00007fff7966e000 	D:\FILE\RedHat\java-17-openjdk-17.0.5.0.8-2\bin\sunmscapi.dll
0x00007fffa3f00000 - 0x00007fffa4066000 	C:\WINDOWS\System32\CRYPT32.dll
0x00007fffa34c0000 - 0x00007fffa34ee000 	C:\WINDOWS\SYSTEM32\ncrypt.dll
0x00007fffa3480000 - 0x00007fffa34b7000 	C:\WINDOWS\SYSTEM32\NTASN1.dll
0x00007fff78d40000 - 0x00007fff78df0000 	C:\WINDOWS\SYSTEM32\TextShaping.dll

dbghelp: loaded successfully - version: 4.0.5 - missing functions: none
symbol engine: initialized successfully - sym options: 0x614 - pdb path: .;D:\FILE\RedHat\java-17-openjdk-17.0.5.0.8-2\bin;C:\WINDOWS\SYSTEM32;C:\WINDOWS\WinSxS\amd64_microsoft.windows.common-controls_6595b64144ccf1df_6.0.22621.2506_none_270c5ae97388e100;D:\FILE\RedHat\java-17-openjdk-17.0.5.0.8-2\bin\server;D:\FILE\Maven_apache\apache-maven-3.9.6-bin\apache-maven-3.9.6\lib\jansi-native\Windows\x86_64

VM Arguments:
jvm_args: -Dclassworlds.conf=D:\FILE\Maven_apache\apache-maven-3.9.6-bin\apache-maven-3.9.6\bin\m2.conf -Dmaven.home=D:\FILE\Maven_apache\apache-maven-3.9.6-bin\apache-maven-3.9.6 -Dlibrary.jansi.path=D:\FILE\Maven_apache\apache-maven-3.9.6-bin\apache-maven-3.9.6\lib\jansi-native -Dmaven.multiModuleProjectDirectory=D:\HK2-2\Java\DoAnJava\project\QuanLyBanDienThoai 
java_command: org.codehaus.plexus.classworlds.launcher.Launcher exec:java
java_class_path (initial): D:\FILE\Maven_apache\apache-maven-3.9.6-bin\apache-maven-3.9.6\boot\plexus-classworlds-2.7.0.jar
Launcher Type: SUN_STANDARD

[Global flags]
     intx CICompilerCount                          = 4                                         {product} {ergonomic}
     uint ConcGCThreads                            = 3                                         {product} {ergonomic}
     uint G1ConcRefinementThreads                  = 10                                        {product} {ergonomic}
   size_t G1HeapRegionSize                         = 1048576                                   {product} {ergonomic}
    uintx GCDrainStackTargetSize                   = 64                                        {product} {ergonomic}
   size_t InitialHeapSize                          = 130023424                                 {product} {ergonomic}
   size_t MarkStackSize                            = 4194304                                   {product} {ergonomic}
   size_t MaxHeapSize                              = 2053111808                                {product} {ergonomic}
   size_t MaxNewSize                               = 1231028224                                {product} {ergonomic}
   size_t MinHeapDeltaBytes                        = 1048576                                   {product} {ergonomic}
   size_t MinHeapSize                              = 8388608                                   {product} {ergonomic}
    uintx NonNMethodCodeHeapSize                   = 5839372                                {pd product} {ergonomic}
    uintx NonProfiledCodeHeapSize                  = 122909434                              {pd product} {ergonomic}
    uintx ProfiledCodeHeapSize                     = 122909434                              {pd product} {ergonomic}
    uintx ReservedCodeCacheSize                    = 251658240                              {pd product} {ergonomic}
     bool SegmentedCodeCache                       = true                                      {product} {ergonomic}
   size_t SoftMaxHeapSize                          = 2053111808                             {manageable} {ergonomic}
     bool UseCompressedClassPointers               = true                           {product lp64_product} {ergonomic}
     bool UseCompressedOops                        = true                           {product lp64_product} {ergonomic}
     bool UseG1GC                                  = true                                      {product} {ergonomic}
     bool UseLargePagesIndividualAllocation        = false                                  {pd product} {ergonomic}

Logging:
Log output configuration:
 #0: stdout all=warning uptime,level,tags
 #1: stderr all=off uptime,level,tags

Environment Variables:
PATH=C:\Program Files\Microsoft MPI\Bin\;C:\WINDOWS\system32;C:\WINDOWS;C:\WINDOWS\System32\Wbem;C:\WINDOWS\System32\WindowsPowerShell\v1.0\;C:\WINDOWS\System32\OpenSSH\;D:\FILE\MinGW\bin;D:\FILE\RedHat\java-17-openjdk-17.0.5.0.8-2\bin;C:\Program Files (x86)\Microsoft SQL Server\160\Tools\Binn\;C:\Program Files\Microsoft SQL Server\160\Tools\Binn\;C:\Program Files\Microsoft SQL Server\Client SDK\ODBC\170\Tools\Binn\;C:\Program Files\Microsoft SQL Server\160\DTS\Binn\;C:\Program Files (x86)\Microsoft SQL Server\160\DTS\Binn\;C:\Program Files\Azure Data Studio\bin;D:\FILE\NodeJs;D:\FILE\Git\Git\cmd;D:\FILE\Maven_apache\apache-maven-3.9.6-bin\apache-maven-3.9.6\bin;C:\Users\nguye\AppData\Local\Programs\Python\Python311\Scripts\;C:\Users\nguye\AppData\Local\Programs\Python\Python311\;C:\Users\nguye\AppData\Local\Microsoft\WindowsApps;D:\FILE\MinGW\bin;D:\FILE\RedHat\java-17-openjdk-17.0.5.0.8-2\bin;C:\Program Files\Azure Data Studio\bin;C:\Program Files\Azure Data Studio\bin;C:\Program Files\Azure Data Studio\bin;D:\FILE\NodeJs;C:\Users\nguye\AppData\Roaming\npm;D:\FILE\Git\Git\cmd;C:\Users\nguye\AppData\Local\Programs\Microsoft VS Code\bin
USERNAME=nguye
LANG=en_US.UTF-8
OS=Windows_NT
PROCESSOR_IDENTIFIER=Intel64 Family 6 Model 154 Stepping 4, GenuineIntel
TMP=C:\Users\nguye\AppData\Local\Temp
TEMP=C:\Users\nguye\AppData\Local\Temp



---------------  S Y S T E M  ---------------

OS:
 Windows 11 , 64 bit Build 22621 (10.0.22621.3085)
OS uptime: 0 days 0:06 hours
Hyper-V role detected

CPU: total 12 (initial active 12) (6 cores per cpu, 2 threads per core) family 6 model 154 stepping 4 microcode 0x432, cx8, cmov, fxsr, ht, mmx, 3dnowpref, sse, sse2, sse3, ssse3, sse4.1, sse4.2, popcnt, lzcnt, tsc, tscinvbit, avx, avx2, aes, erms, clmul, bmi1, bmi2, adx, sha, fma, vzeroupper, clflush, clflushopt, clwb, hv

Memory: 4k page, system-wide physical 7824M (1671M free)
TotalPageFile size 7824M (AvailPageFile size 5M)
current process WorkingSet (physical memory assigned to process): 205M, peak: 205M
current process commit charge ("private bytes"): 305M, peak: 307M

vm_info: OpenJDK 64-Bit Server VM (17.0.5+8-LTS) for windows-amd64 JRE (17.0.5+8-LTS), built on Oct 14 2022 19:54:36 by "" with MS VC++ 16.10 / 16.11 (VS2019)

END.
